[2025-10-25 21:28:56Z INFO HostContext] No proxy settings were found based on environmental variables (http_proxy/https_proxy/HTTP_PROXY/HTTPS_PROXY)
[2025-10-25 21:28:56Z INFO HostContext] Well known directory 'Bin': 'C:\Users\user\ProjectSW\actions-runner\bin'
[2025-10-25 21:28:56Z INFO HostContext] Well known directory 'Root': 'C:\Users\user\ProjectSW\actions-runner'
[2025-10-25 21:28:56Z INFO HostContext] Well known config file 'Credentials': 'C:\Users\user\ProjectSW\actions-runner\.credentials'
[2025-10-25 21:28:57Z INFO HostContext] Well known directory 'Bin': 'C:\Users\user\ProjectSW\actions-runner\bin'
[2025-10-25 21:28:57Z INFO HostContext] Well known directory 'Root': 'C:\Users\user\ProjectSW\actions-runner'
[2025-10-25 21:28:57Z INFO HostContext] Well known config file 'Runner': 'C:\Users\user\ProjectSW\actions-runner\.runner'
[2025-10-25 21:28:57Z INFO Listener] Runner is built for Windows (X64) - win-x64.
[2025-10-25 21:28:57Z INFO Listener] RuntimeInformation: Microsoft Windows 10.0.26200.
[2025-10-25 21:28:57Z INFO Listener] Version: 2.329.0
[2025-10-25 21:28:57Z INFO Listener] Commit: c76c59996c8fa32e989164a5a695efb12608ae5a
[2025-10-25 21:28:57Z INFO Listener] Culture: ru-RU
[2025-10-25 21:28:57Z INFO Listener] UI Culture: ru-RU
[2025-10-25 21:28:57Z INFO HostContext] Well known directory 'Bin': 'C:\Users\user\ProjectSW\actions-runner\bin'
[2025-10-25 21:28:57Z INFO HostContext] Well known directory 'Root': 'C:\Users\user\ProjectSW\actions-runner'
[2025-10-25 21:28:57Z INFO Listener] Validating directory permissions for: 'C:\Users\user\ProjectSW\actions-runner'
[2025-10-25 21:28:57Z INFO CommandLineParser] Parse
[2025-10-25 21:28:57Z INFO CommandLineParser] Parsing 1 args
[2025-10-25 21:28:57Z INFO CommandLineParser] parsing argument
[2025-10-25 21:28:57Z INFO CommandLineParser] HasArgs: False
[2025-10-25 21:28:57Z INFO CommandLineParser] Adding Command: run
[2025-10-25 21:28:57Z INFO Listener] Arguments parsed
[2025-10-25 21:28:57Z INFO Runner] ExecuteCommand
[2025-10-25 21:28:57Z INFO ConfigurationStore] currentAssemblyLocation: C:\Users\user\ProjectSW\actions-runner\bin\Runner.Listener.dll
[2025-10-25 21:28:57Z INFO HostContext] Well known directory 'Bin': 'C:\Users\user\ProjectSW\actions-runner\bin'
[2025-10-25 21:28:57Z INFO ConfigurationStore] binPath: C:\Users\user\ProjectSW\actions-runner\bin
[2025-10-25 21:28:57Z INFO HostContext] Well known directory 'Bin': 'C:\Users\user\ProjectSW\actions-runner\bin'
[2025-10-25 21:28:57Z INFO HostContext] Well known directory 'Root': 'C:\Users\user\ProjectSW\actions-runner'
[2025-10-25 21:28:57Z INFO ConfigurationStore] RootFolder: C:\Users\user\ProjectSW\actions-runner
[2025-10-25 21:28:57Z INFO HostContext] Well known directory 'Bin': 'C:\Users\user\ProjectSW\actions-runner\bin'
[2025-10-25 21:28:57Z INFO HostContext] Well known directory 'Root': 'C:\Users\user\ProjectSW\actions-runner'
[2025-10-25 21:28:57Z INFO HostContext] Well known config file 'Runner': 'C:\Users\user\ProjectSW\actions-runner\.runner'
[2025-10-25 21:28:57Z INFO ConfigurationStore] ConfigFilePath: C:\Users\user\ProjectSW\actions-runner\.runner
[2025-10-25 21:28:57Z INFO HostContext] Well known directory 'Bin': 'C:\Users\user\ProjectSW\actions-runner\bin'
[2025-10-25 21:28:57Z INFO HostContext] Well known directory 'Root': 'C:\Users\user\ProjectSW\actions-runner'
[2025-10-25 21:28:57Z INFO HostContext] Well known config file 'MigratedRunner': 'C:\Users\user\ProjectSW\actions-runner\.runner_migrated'
[2025-10-25 21:28:57Z INFO ConfigurationStore] MigratedConfigFilePath: C:\Users\user\ProjectSW\actions-runner\.runner_migrated
[2025-10-25 21:28:57Z INFO HostContext] Well known directory 'Bin': 'C:\Users\user\ProjectSW\actions-runner\bin'
[2025-10-25 21:28:57Z INFO HostContext] Well known directory 'Root': 'C:\Users\user\ProjectSW\actions-runner'
[2025-10-25 21:28:57Z INFO HostContext] Well known config file 'Credentials': 'C:\Users\user\ProjectSW\actions-runner\.credentials'
[2025-10-25 21:28:57Z INFO ConfigurationStore] CredFilePath: C:\Users\user\ProjectSW\actions-runner\.credentials
[2025-10-25 21:28:57Z INFO HostContext] Well known directory 'Bin': 'C:\Users\user\ProjectSW\actions-runner\bin'
[2025-10-25 21:28:57Z INFO HostContext] Well known directory 'Root': 'C:\Users\user\ProjectSW\actions-runner'
[2025-10-25 21:28:57Z INFO HostContext] Well known config file 'MigratedCredentials': 'C:\Users\user\ProjectSW\actions-runner\.credentials_migrated'
[2025-10-25 21:28:57Z INFO ConfigurationStore] MigratedCredFilePath: C:\Users\user\ProjectSW\actions-runner\.credentials_migrated
[2025-10-25 21:28:57Z INFO HostContext] Well known directory 'Bin': 'C:\Users\user\ProjectSW\actions-runner\bin'
[2025-10-25 21:28:57Z INFO HostContext] Well known directory 'Root': 'C:\Users\user\ProjectSW\actions-runner'
[2025-10-25 21:28:57Z INFO HostContext] Well known config file 'Service': 'C:\Users\user\ProjectSW\actions-runner\.service'
[2025-10-25 21:28:57Z INFO ConfigurationStore] ServiceConfigFilePath: C:\Users\user\ProjectSW\actions-runner\.service
[2025-10-25 21:28:57Z INFO CommandSettings] Flag 'help': 'False'
[2025-10-25 21:28:57Z INFO CommandSettings] Flag 'version': 'False'
[2025-10-25 21:28:57Z INFO CommandSettings] Flag 'commit': 'False'
[2025-10-25 21:28:57Z INFO CommandSettings] Flag 'check': 'False'
[2025-10-25 21:28:57Z INFO CommandSettings] Command 'configure': 'False'
[2025-10-25 21:28:57Z INFO CommandSettings] Command 'remove': 'False'
[2025-10-25 21:28:57Z INFO CommandSettings] Command 'warmup': 'False'
[2025-10-25 21:28:57Z INFO ConfigurationManager] LoadSettings
[2025-10-25 21:28:57Z INFO ConfigurationStore] IsConfigured()
[2025-10-25 21:28:57Z INFO ConfigurationStore] IsConfigured: True
[2025-10-25 21:28:57Z INFO ConfigurationManager] Is configured: True
[2025-10-25 21:28:57Z INFO ConfigurationStore] Read setting file: 395 chars
[2025-10-25 21:28:57Z INFO ConfigurationManager] Settings Loaded
[2025-10-25 21:28:57Z INFO ConfigurationStore] IsServiceConfigured()
[2025-10-25 21:28:57Z INFO ConfigurationStore] IsServiceConfigured: False
[2025-10-25 21:28:57Z INFO CommandSettings] Command 'run': 'True'
[2025-10-25 21:28:57Z INFO ConfigurationStore] IsConfigured()
[2025-10-25 21:28:57Z INFO ConfigurationStore] IsConfigured: True
[2025-10-25 21:28:57Z INFO ConfigurationManager] Is configured: True
[2025-10-25 21:28:57Z INFO Runner] Could not parse the argument value '' for StartupType. Defaulting to Manual
[2025-10-25 21:28:57Z INFO Runner] Set runner startup type - Manual
[2025-10-25 21:28:57Z INFO CommandSettings] Flag 'once': 'False'
[2025-10-25 21:28:57Z INFO CommandSettings] Flag 'once': 'False'
[2025-10-25 21:28:57Z INFO Runner] RunAsync
[2025-10-25 21:28:57Z INFO ConfigurationManager] LoadMigratedSettings
[2025-10-25 21:28:57Z INFO ConfigurationStore] IsMigratedConfigured()
[2025-10-25 21:28:57Z INFO ConfigurationStore] IsMigratedConfigured: False
[2025-10-25 21:28:57Z INFO Runner] Failed to load migrated settings: No migrated configuration found.
[2025-10-25 21:28:57Z INFO Runner] Falling back to original .runner settings
[2025-10-25 21:28:57Z INFO Runner] Using BrokerMessageListener
[2025-10-25 21:28:57Z INFO BrokerMessageListener] Using provided settings
[2025-10-25 21:28:57Z INFO BrokerMessageListener] {
  "AgentId": 21,
  "AgentName": "NICHOLAS-PC",
  "PoolId": 1,
  "PoolName": "Default",
  "ServerUrl": "https://pipelinesghubeus23.actions.githubusercontent.com/PFKQpWSHbGOyh3Lq4FyHgurdodRQxMojWW3wkYbxLEBpbGP9Oh/",
  "GitHubUrl": "https://github.com/Blinomess/ProjectSW",
  "WorkFolder": "_work",
  "UseV2Flow": true,
  "ServerUrlV2": "https://broker.actions.githubusercontent.com/"
}
[2025-10-25 21:28:57Z INFO BrokerMessageListener] Loading Credentials
[2025-10-25 21:28:57Z INFO ConfigurationStore] HasCredentials()
[2025-10-25 21:28:57Z INFO ConfigurationStore] stored True
[2025-10-25 21:28:57Z INFO CredentialManager] GetCredentialProvider
[2025-10-25 21:28:57Z INFO CredentialManager] Creating type OAuth
[2025-10-25 21:28:57Z INFO CredentialManager] Creating credential type: OAuth
[2025-10-25 21:28:57Z INFO HostContext] Well known directory 'Bin': 'C:\Users\user\ProjectSW\actions-runner\bin'
[2025-10-25 21:28:57Z INFO HostContext] Well known directory 'Root': 'C:\Users\user\ProjectSW\actions-runner'
[2025-10-25 21:28:57Z INFO HostContext] Well known config file 'RSACredentials': 'C:\Users\user\ProjectSW\actions-runner\.credentials_rsaparams'
[2025-10-25 21:28:57Z INFO RSAEncryptedFileKeyManager] Loading RSA key parameters from file C:\Users\user\ProjectSW\actions-runner\.credentials_rsaparams
[2025-10-25 21:28:57Z INFO BrokerMessageListener] Attempt to create session.
[2025-10-25 21:28:57Z INFO BrokerMessageListener] Connecting to the Broker Server...
[2025-10-25 21:28:57Z INFO ConfigurationStore] HasCredentials()
[2025-10-25 21:28:57Z INFO ConfigurationStore] stored True
[2025-10-25 21:28:57Z INFO CredentialManager] GetCredentialProvider
[2025-10-25 21:28:57Z INFO CredentialManager] Creating type OAuth
[2025-10-25 21:28:57Z INFO CredentialManager] Creating credential type: OAuth
[2025-10-25 21:28:57Z INFO RSAEncryptedFileKeyManager] Loading RSA key parameters from file C:\Users\user\ProjectSW\actions-runner\.credentials_rsaparams
[2025-10-25 21:28:57Z INFO BrokerMessageListener] VssConnection created
[2025-10-25 21:28:57Z INFO BrokerMessageListener] Connecting to the Runner server...
[2025-10-25 21:28:57Z INFO RunnerServer] EstablishVssConnection
[2025-10-25 21:28:57Z INFO RunnerServer] Establish connection with 100 seconds timeout.
[2025-10-25 21:28:57Z INFO GitHubActionsService] Starting operation Location.GetConnectionData
[2025-10-25 21:28:57Z INFO RunnerServer] EstablishVssConnection
[2025-10-25 21:28:57Z INFO RunnerServer] Establish connection with 60 seconds timeout.
[2025-10-25 21:28:57Z INFO GitHubActionsService] Starting operation Location.GetConnectionData
[2025-10-25 21:28:57Z INFO RunnerServer] EstablishVssConnection
[2025-10-25 21:28:57Z INFO RunnerServer] Establish connection with 60 seconds timeout.
[2025-10-25 21:28:57Z INFO GitHubActionsService] Starting operation Location.GetConnectionData
[2025-10-25 21:28:58Z INFO GitHubActionsService] Finished operation Location.GetConnectionData
[2025-10-25 21:28:58Z INFO GitHubActionsService] Finished operation Location.GetConnectionData
[2025-10-25 21:28:58Z INFO GitHubActionsService] Finished operation Location.GetConnectionData
[2025-10-25 21:28:58Z INFO BrokerMessageListener] VssConnection created
[2025-10-25 21:28:58Z INFO Terminal] WRITE LINE: 
[2025-10-25 21:28:58Z INFO Terminal] WRITE LINE: 
[2025-10-25 21:28:58Z INFO RSAEncryptedFileKeyManager] Loading RSA key parameters from file C:\Users\user\ProjectSW\actions-runner\.credentials_rsaparams
[2025-10-25 21:28:58Z INFO RSAEncryptedFileKeyManager] Loading RSA key parameters from file C:\Users\user\ProjectSW\actions-runner\.credentials_rsaparams
[2025-10-25 21:28:58Z INFO GitHubActionsService] AAD Correlation ID for this token request: Unknown
[2025-10-25 21:28:59Z INFO BrokerMessageListener] Session created.
[2025-10-25 21:28:59Z INFO Terminal] WRITE LINE: Current runner version: '2.329.0'
[2025-10-25 21:28:59Z INFO Terminal] WRITE LINE: 2025-10-25 21:28:59Z: Listening for Jobs
[2025-10-25 21:28:59Z INFO JobDispatcher] Set runner/worker IPC timeout to 30 seconds.
[2025-10-25 21:29:22Z INFO ConfigurationStore] HasCredentials()
[2025-10-25 21:29:22Z INFO ConfigurationStore] stored True
[2025-10-25 21:29:22Z INFO CredentialManager] GetCredentialProvider
[2025-10-25 21:29:22Z INFO CredentialManager] Creating type OAuth
[2025-10-25 21:29:22Z INFO CredentialManager] Creating credential type: OAuth
[2025-10-25 21:29:22Z INFO RSAEncryptedFileKeyManager] Loading RSA key parameters from file C:\Users\user\ProjectSW\actions-runner\.credentials_rsaparams
[2025-10-25 21:29:22Z INFO RSAEncryptedFileKeyManager] Loading RSA key parameters from file C:\Users\user\ProjectSW\actions-runner\.credentials_rsaparams
[2025-10-25 21:29:22Z INFO RSAEncryptedFileKeyManager] Loading RSA key parameters from file C:\Users\user\ProjectSW\actions-runner\.credentials_rsaparams
[2025-10-25 21:29:22Z INFO GitHubActionsService] AAD Correlation ID for this token request: Unknown
[2025-10-25 21:29:24Z INFO JobDispatcher] Job request 0 for plan 44fa6abd-d6ba-48e5-b535-b756ab4040db job 2caac7a3-74df-5b65-b0af-3369433a82ea received.
[2025-10-25 21:29:24Z INFO JobDispatcher] Pull OrchestrationId 44fa6abd-d6ba-48e5-b535-b756ab4040db.frontend-tests.__default from JWT claims
[2025-10-25 21:29:24Z INFO BrokerMessageListener] Received job status event. JobState: Busy
[2025-10-25 21:29:24Z INFO BrokerMessageListener] _getMessagesTokenSource is already disposed.
[2025-10-25 21:29:24Z INFO Terminal] WRITE LINE: 2025-10-25 21:29:24Z: Running job: frontend-tests
[2025-10-25 21:29:24Z INFO JobDispatcher] Start renew job request 0 for job 2caac7a3-74df-5b65-b0af-3369433a82ea.
[2025-10-25 21:29:24Z INFO JobDispatcher] Successfully renew job 2caac7a3-74df-5b65-b0af-3369433a82ea, job is valid till 25.10.2025 21:38:55
[2025-10-25 21:29:24Z INFO HostContext] Well known directory 'Bin': 'C:\Users\user\ProjectSW\actions-runner\bin'
[2025-10-25 21:29:24Z INFO ProcessInvokerWrapper] Starting process:
[2025-10-25 21:29:24Z INFO ProcessInvokerWrapper]   File name: 'C:\Users\user\ProjectSW\actions-runner\bin\Runner.Worker.exe'
[2025-10-25 21:29:24Z INFO ProcessInvokerWrapper]   Arguments: 'spawnclient 2192 2208'
[2025-10-25 21:29:24Z INFO ProcessInvokerWrapper]   Working directory: 'C:\Users\user\ProjectSW\actions-runner\bin'
[2025-10-25 21:29:24Z INFO ProcessInvokerWrapper]   Require exit code zero: 'False'
[2025-10-25 21:29:24Z INFO ProcessInvokerWrapper]   Encoding web name:  ; code page: ''
[2025-10-25 21:29:24Z INFO ProcessInvokerWrapper]   Force kill process on cancellation: 'True'
[2025-10-25 21:29:24Z INFO ProcessInvokerWrapper]   Redirected STDIN: 'False'
[2025-10-25 21:29:24Z INFO ProcessInvokerWrapper]   Persist current code page: 'False'
[2025-10-25 21:29:24Z INFO ProcessInvokerWrapper]   Keep redirected STDIN open: 'False'
[2025-10-25 21:29:24Z INFO ProcessInvokerWrapper]   High priority process: 'True'
[2025-10-25 21:29:24Z INFO ProcessInvokerWrapper] Process started with process id 6712, waiting for process exit.
[2025-10-25 21:29:24Z INFO JobDispatcher] Send job request message to worker for job 2caac7a3-74df-5b65-b0af-3369433a82ea.
[2025-10-25 21:29:24Z INFO ProcessChannel] Sending message of length 20201, with hash '286b6fd23ee199a94f190ffc66dc0460332c6a0d70097b9c49e766a88a3fa489'
[2025-10-25 21:29:24Z INFO JobNotification] Entering JobStarted Notification
[2025-10-25 21:29:24Z INFO JobNotification] Entering StartMonitor
[2025-10-25 21:30:00Z INFO ProcessInvokerWrapper] STDOUT/STDERR stream read finished.
[2025-10-25 21:30:00Z INFO ProcessInvokerWrapper] STDOUT/STDERR stream read finished.
[2025-10-25 21:30:00Z INFO ProcessInvokerWrapper] Finished process 6712 with exit code 102, and elapsed time 00:00:35.6285287.
[2025-10-25 21:30:00Z INFO JobDispatcher] Worker finished for job 2caac7a3-74df-5b65-b0af-3369433a82ea. Code: 102
[2025-10-25 21:30:00Z INFO JobDispatcher] finish job request for job 2caac7a3-74df-5b65-b0af-3369433a82ea with result: Failed
[2025-10-25 21:30:00Z INFO Terminal] WRITE LINE: 2025-10-25 21:30:00Z: Job frontend-tests completed with result: Failed
[2025-10-25 21:30:00Z INFO JobDispatcher] Stop renew job request for job 2caac7a3-74df-5b65-b0af-3369433a82ea.
[2025-10-25 21:30:00Z INFO JobDispatcher] job renew has been cancelled, stop renew job 2caac7a3-74df-5b65-b0af-3369433a82ea.
[2025-10-25 21:30:00Z INFO JobNotification] Entering JobCompleted Notification
[2025-10-25 21:30:00Z INFO JobNotification] Entering EndMonitor
[2025-10-25 21:30:00Z INFO BrokerMessageListener] Received job status event. JobState: Online
[2025-10-25 21:30:00Z WARN GitHubActionsService] GET request to https://broker.actions.githubusercontent.com/message?sessionId=7de21472-e520-4a94-83fc-0662fa3b2558&status=Busy&runnerVersion=2.329.0&os=Windows&architecture=X64&disableUpdate=false has been cancelled.
[2025-10-25 21:30:00Z ERR  BrokerServer] Catch exception during request
[2025-10-25 21:30:00Z ERR  BrokerServer] System.Threading.Tasks.TaskCanceledException: The operation was canceled.
 ---> System.Threading.Tasks.TaskCanceledException: The operation was canceled.
 ---> System.IO.IOException: Unable to read data from the transport connection: Операция ввода/вывода была прервана из-за завершения потока команд или по запросу приложения..
 ---> System.Net.Sockets.SocketException (995): Операция ввода/вывода была прервана из-за завершения потока команд или по запросу приложения.
   --- End of inner exception stack trace ---
   at System.Net.Sockets.Socket.AwaitableSocketAsyncEventArgs.ThrowException(SocketError error, CancellationToken cancellationToken)
   at System.Net.Sockets.Socket.AwaitableSocketAsyncEventArgs.System.Threading.Tasks.Sources.IValueTaskSource<System.Int32>.GetResult(Int16 token)
   at System.Net.Security.SslStream.EnsureFullTlsFrameAsync[TIOAdapter](CancellationToken cancellationToken, Int32 estimatedSize)
   at System.Runtime.CompilerServices.PoolingAsyncValueTaskMethodBuilder`1.StateMachineBox`1.System.Threading.Tasks.Sources.IValueTaskSource<TResult>.GetResult(Int16 token)
   at System.Net.Security.SslStream.ReadAsyncInternal[TIOAdapter](Memory`1 buffer, CancellationToken cancellationToken)
   at System.Runtime.CompilerServices.PoolingAsyncValueTaskMethodBuilder`1.StateMachineBox`1.System.Threading.Tasks.Sources.IValueTaskSource<TResult>.GetResult(Int16 token)
   at System.Net.Http.HttpConnection.SendAsync(HttpRequestMessage request, Boolean async, CancellationToken cancellationToken)
   --- End of inner exception stack trace ---
   at System.Net.Http.HttpConnection.SendAsync(HttpRequestMessage request, Boolean async, CancellationToken cancellationToken)
   at System.Net.Http.AuthenticationHelper.SendWithNtAuthAsync(HttpRequestMessage request, Uri authUri, Boolean async, ICredentials credentials, Boolean isProxyAuth, HttpConnection connection, HttpConnectionPool connectionPool, CancellationToken cancellationToken)
   at System.Net.Http.HttpConnectionPool.SendWithVersionDetectionAndRetryAsync(HttpRequestMessage request, Boolean async, Boolean doRequestAuth, CancellationToken cancellationToken)
   at System.Net.Http.AuthenticationHelper.SendWithAuthAsync(HttpRequestMessage request, Uri authUri, Boolean async, ICredentials credentials, Boolean preAuthenticate, Boolean isProxyAuth, Boolean doRequestAuth, HttpConnectionPool pool, CancellationToken cancellationToken)
   at System.Net.Http.RedirectHandler.SendAsync(HttpRequestMessage request, Boolean async, CancellationToken cancellationToken)
   at GitHub.Services.Common.RawHttpMessageHandler.SendAsync(HttpRequestMessage request, CancellationToken cancellationToken)
   at GitHub.Services.Common.VssHttpRetryMessageHandler.SendAsync(HttpRequestMessage request, CancellationToken cancellationToken)
   at System.Net.Http.HttpClient.<SendAsync>g__Core|83_0(HttpRequestMessage request, HttpCompletionOption completionOption, CancellationTokenSource cts, Boolean disposeCts, CancellationTokenSource pendingRequestsCts, CancellationToken originalCancellationToken)
   --- End of inner exception stack trace ---
   at System.Net.Http.HttpClient.HandleFailure(Exception e, Boolean telemetryStarted, HttpResponseMessage response, CancellationTokenSource cts, CancellationToken cancellationToken, CancellationTokenSource pendingRequestsCts)
   at System.Net.Http.HttpClient.<SendAsync>g__Core|83_0(HttpRequestMessage request, HttpCompletionOption completionOption, CancellationTokenSource cts, Boolean disposeCts, CancellationTokenSource pendingRequestsCts, CancellationToken originalCancellationToken)
   at Sdk.WebApi.WebApi.RawHttpClientBase.SendAsync(HttpRequestMessage message, HttpCompletionOption completionOption, Object userState, CancellationToken cancellationToken)
   at Sdk.WebApi.WebApi.RawHttpClientBase.SendAsync[T](HttpRequestMessage message, Boolean readErrorBody, Object userState, CancellationToken cancellationToken)
   at Sdk.WebApi.WebApi.RawHttpClientBase.SendAsync[T](HttpMethod method, IEnumerable`1 additionalHeaders, Uri requestUri, HttpContent content, IEnumerable`1 queryParameters, Boolean readErrorBody, Object userState, CancellationToken cancellationToken)
   at GitHub.Actions.RunService.WebApi.BrokerHttpClient.GetRunnerMessageAsync(Nullable`1 sessionId, String runnerVersion, Nullable`1 status, String os, String architecture, Nullable`1 disableUpdate, CancellationToken cancellationToken)
   at GitHub.Runner.Common.BrokerServer.<>c__DisplayClass7_0.<<GetRunnerMessageAsync>b__0>d.MoveNext()
--- End of stack trace from previous location ---
   at GitHub.Runner.Common.RunnerService.RetryRequest[T](Func`1 func, CancellationToken cancellationToken, Int32 maxAttempts, Func`2 shouldRetry)
[2025-10-25 21:30:00Z ERR  BrokerServer] #####################################################
[2025-10-25 21:30:00Z ERR  BrokerServer] System.Threading.Tasks.TaskCanceledException: The operation was canceled.
 ---> System.IO.IOException: Unable to read data from the transport connection: Операция ввода/вывода была прервана из-за завершения потока команд или по запросу приложения..
 ---> System.Net.Sockets.SocketException (995): Операция ввода/вывода была прервана из-за завершения потока команд или по запросу приложения.
   --- End of inner exception stack trace ---
   at System.Net.Sockets.Socket.AwaitableSocketAsyncEventArgs.ThrowException(SocketError error, CancellationToken cancellationToken)
   at System.Net.Sockets.Socket.AwaitableSocketAsyncEventArgs.System.Threading.Tasks.Sources.IValueTaskSource<System.Int32>.GetResult(Int16 token)
   at System.Net.Security.SslStream.EnsureFullTlsFrameAsync[TIOAdapter](CancellationToken cancellationToken, Int32 estimatedSize)
   at System.Runtime.CompilerServices.PoolingAsyncValueTaskMethodBuilder`1.StateMachineBox`1.System.Threading.Tasks.Sources.IValueTaskSource<TResult>.GetResult(Int16 token)
   at System.Net.Security.SslStream.ReadAsyncInternal[TIOAdapter](Memory`1 buffer, CancellationToken cancellationToken)
   at System.Runtime.CompilerServices.PoolingAsyncValueTaskMethodBuilder`1.StateMachineBox`1.System.Threading.Tasks.Sources.IValueTaskSource<TResult>.GetResult(Int16 token)
   at System.Net.Http.HttpConnection.SendAsync(HttpRequestMessage request, Boolean async, CancellationToken cancellationToken)
   --- End of inner exception stack trace ---
   at System.Net.Http.HttpConnection.SendAsync(HttpRequestMessage request, Boolean async, CancellationToken cancellationToken)
   at System.Net.Http.AuthenticationHelper.SendWithNtAuthAsync(HttpRequestMessage request, Uri authUri, Boolean async, ICredentials credentials, Boolean isProxyAuth, HttpConnection connection, HttpConnectionPool connectionPool, CancellationToken cancellationToken)
   at System.Net.Http.HttpConnectionPool.SendWithVersionDetectionAndRetryAsync(HttpRequestMessage request, Boolean async, Boolean doRequestAuth, CancellationToken cancellationToken)
   at System.Net.Http.AuthenticationHelper.SendWithAuthAsync(HttpRequestMessage request, Uri authUri, Boolean async, ICredentials credentials, Boolean preAuthenticate, Boolean isProxyAuth, Boolean doRequestAuth, HttpConnectionPool pool, CancellationToken cancellationToken)
   at System.Net.Http.RedirectHandler.SendAsync(HttpRequestMessage request, Boolean async, CancellationToken cancellationToken)
   at GitHub.Services.Common.RawHttpMessageHandler.SendAsync(HttpRequestMessage request, CancellationToken cancellationToken)
   at GitHub.Services.Common.VssHttpRetryMessageHandler.SendAsync(HttpRequestMessage request, CancellationToken cancellationToken)
   at System.Net.Http.HttpClient.<SendAsync>g__Core|83_0(HttpRequestMessage request, HttpCompletionOption completionOption, CancellationTokenSource cts, Boolean disposeCts, CancellationTokenSource pendingRequestsCts, CancellationToken originalCancellationToken)
[2025-10-25 21:30:00Z ERR  BrokerServer] #####################################################
[2025-10-25 21:30:00Z ERR  BrokerServer] System.IO.IOException: Unable to read data from the transport connection: Операция ввода/вывода была прервана из-за завершения потока команд или по запросу приложения..
 ---> System.Net.Sockets.SocketException (995): Операция ввода/вывода была прервана из-за завершения потока команд или по запросу приложения.
   --- End of inner exception stack trace ---
   at System.Net.Sockets.Socket.AwaitableSocketAsyncEventArgs.ThrowException(SocketError error, CancellationToken cancellationToken)
   at System.Net.Sockets.Socket.AwaitableSocketAsyncEventArgs.System.Threading.Tasks.Sources.IValueTaskSource<System.Int32>.GetResult(Int16 token)
   at System.Net.Security.SslStream.EnsureFullTlsFrameAsync[TIOAdapter](CancellationToken cancellationToken, Int32 estimatedSize)
   at System.Runtime.CompilerServices.PoolingAsyncValueTaskMethodBuilder`1.StateMachineBox`1.System.Threading.Tasks.Sources.IValueTaskSource<TResult>.GetResult(Int16 token)
   at System.Net.Security.SslStream.ReadAsyncInternal[TIOAdapter](Memory`1 buffer, CancellationToken cancellationToken)
   at System.Runtime.CompilerServices.PoolingAsyncValueTaskMethodBuilder`1.StateMachineBox`1.System.Threading.Tasks.Sources.IValueTaskSource<TResult>.GetResult(Int16 token)
   at System.Net.Http.HttpConnection.SendAsync(HttpRequestMessage request, Boolean async, CancellationToken cancellationToken)
[2025-10-25 21:30:00Z ERR  BrokerServer] #####################################################
[2025-10-25 21:30:00Z ERR  BrokerServer] System.Net.Sockets.SocketException (995): Операция ввода/вывода была прервана из-за завершения потока команд или по запросу приложения.
[2025-10-25 21:30:00Z WARN BrokerServer] Back off 7,356 seconds before next retry. 4 attempt left.
[2025-10-25 21:30:00Z INFO BrokerMessageListener] Get messages has been cancelled using local token source. Continue to get messages with new status.
[2025-10-25 21:30:00Z INFO ConfigurationStore] HasCredentials()
[2025-10-25 21:30:00Z INFO ConfigurationStore] stored True
[2025-10-25 21:30:00Z INFO CredentialManager] GetCredentialProvider
[2025-10-25 21:30:00Z INFO CredentialManager] Creating type OAuth
[2025-10-25 21:30:00Z INFO CredentialManager] Creating credential type: OAuth
[2025-10-25 21:30:00Z INFO RSAEncryptedFileKeyManager] Loading RSA key parameters from file C:\Users\user\ProjectSW\actions-runner\.credentials_rsaparams
[2025-10-25 21:30:00Z INFO RSAEncryptedFileKeyManager] Loading RSA key parameters from file C:\Users\user\ProjectSW\actions-runner\.credentials_rsaparams
[2025-10-25 21:30:00Z INFO RSAEncryptedFileKeyManager] Loading RSA key parameters from file C:\Users\user\ProjectSW\actions-runner\.credentials_rsaparams
[2025-10-25 21:30:00Z INFO GitHubActionsService] AAD Correlation ID for this token request: Unknown
[2025-10-25 21:30:02Z INFO JobDispatcher] Job request 0 for plan 44fa6abd-d6ba-48e5-b535-b756ab4040db job 03f7c5e2-d6b3-518e-8b6f-44d1c729f170 received.
[2025-10-25 21:30:02Z INFO JobDispatcher] Pull OrchestrationId 44fa6abd-d6ba-48e5-b535-b756ab4040db.backend-tests.processing_service from JWT claims
[2025-10-25 21:30:02Z INFO BrokerMessageListener] Received job status event. JobState: Busy
[2025-10-25 21:30:02Z INFO BrokerMessageListener] _getMessagesTokenSource is already disposed.
[2025-10-25 21:30:02Z INFO JobDispatcher] Job request 2caac7a3-74df-5b65-b0af-3369433a82ea processed succeed.
[2025-10-25 21:30:02Z INFO Terminal] WRITE LINE: 2025-10-25 21:30:02Z: Running job: backend-tests (processing_service)
[2025-10-25 21:30:02Z INFO JobDispatcher] Start renew job request 0 for job 03f7c5e2-d6b3-518e-8b6f-44d1c729f170.
[2025-10-25 21:30:02Z INFO JobDispatcher] Successfully renew job 03f7c5e2-d6b3-518e-8b6f-44d1c729f170, job is valid till 25.10.2025 21:39:33
[2025-10-25 21:30:02Z INFO HostContext] Well known directory 'Bin': 'C:\Users\user\ProjectSW\actions-runner\bin'
[2025-10-25 21:30:02Z INFO ProcessInvokerWrapper] Starting process:
[2025-10-25 21:30:02Z INFO ProcessInvokerWrapper]   File name: 'C:\Users\user\ProjectSW\actions-runner\bin\Runner.Worker.exe'
[2025-10-25 21:30:02Z INFO ProcessInvokerWrapper]   Arguments: 'spawnclient 2352 2364'
[2025-10-25 21:30:02Z INFO ProcessInvokerWrapper]   Working directory: 'C:\Users\user\ProjectSW\actions-runner\bin'
[2025-10-25 21:30:02Z INFO ProcessInvokerWrapper]   Require exit code zero: 'False'
[2025-10-25 21:30:02Z INFO ProcessInvokerWrapper]   Encoding web name:  ; code page: ''
[2025-10-25 21:30:02Z INFO ProcessInvokerWrapper]   Force kill process on cancellation: 'True'
[2025-10-25 21:30:02Z INFO ProcessInvokerWrapper]   Redirected STDIN: 'False'
[2025-10-25 21:30:02Z INFO ProcessInvokerWrapper]   Persist current code page: 'False'
[2025-10-25 21:30:02Z INFO ProcessInvokerWrapper]   Keep redirected STDIN open: 'False'
[2025-10-25 21:30:02Z INFO ProcessInvokerWrapper]   High priority process: 'True'
[2025-10-25 21:30:02Z INFO ProcessInvokerWrapper] Process started with process id 24032, waiting for process exit.
[2025-10-25 21:30:02Z INFO JobDispatcher] Send job request message to worker for job 03f7c5e2-d6b3-518e-8b6f-44d1c729f170.
[2025-10-25 21:30:02Z INFO ProcessChannel] Sending message of length 24001, with hash '5a498918ac9cf8d319685201763c5ba99597ce539c2d5155ee640db070e8f56a'
[2025-10-25 21:30:02Z INFO JobNotification] Entering JobStarted Notification
[2025-10-25 21:30:02Z INFO JobNotification] Entering StartMonitor
[2025-10-25 21:31:02Z INFO JobDispatcher] Successfully renew job 03f7c5e2-d6b3-518e-8b6f-44d1c729f170, job is valid till 25.10.2025 21:40:33
