[2025-10-25 21:05:56Z INFO HostContext] No proxy settings were found based on environmental variables (http_proxy/https_proxy/HTTP_PROXY/HTTPS_PROXY)
[2025-10-25 21:05:56Z INFO HostContext] Well known directory 'Bin': 'C:\Users\user\ProjectSW\actions-runner\bin'
[2025-10-25 21:05:56Z INFO HostContext] Well known directory 'Root': 'C:\Users\user\ProjectSW\actions-runner'
[2025-10-25 21:05:56Z INFO HostContext] Well known config file 'Credentials': 'C:\Users\user\ProjectSW\actions-runner\.credentials'
[2025-10-25 21:05:56Z INFO HostContext] Well known directory 'Bin': 'C:\Users\user\ProjectSW\actions-runner\bin'
[2025-10-25 21:05:56Z INFO HostContext] Well known directory 'Root': 'C:\Users\user\ProjectSW\actions-runner'
[2025-10-25 21:05:56Z INFO HostContext] Well known config file 'Runner': 'C:\Users\user\ProjectSW\actions-runner\.runner'
[2025-10-25 21:05:56Z INFO Listener] Runner is built for Windows (X64) - win-x64.
[2025-10-25 21:05:56Z INFO Listener] RuntimeInformation: Microsoft Windows 10.0.26200.
[2025-10-25 21:05:56Z INFO Listener] Version: 2.329.0
[2025-10-25 21:05:56Z INFO Listener] Commit: c76c59996c8fa32e989164a5a695efb12608ae5a
[2025-10-25 21:05:56Z INFO Listener] Culture: ru-RU
[2025-10-25 21:05:56Z INFO Listener] UI Culture: ru-RU
[2025-10-25 21:05:56Z INFO HostContext] Well known directory 'Bin': 'C:\Users\user\ProjectSW\actions-runner\bin'
[2025-10-25 21:05:56Z INFO HostContext] Well known directory 'Root': 'C:\Users\user\ProjectSW\actions-runner'
[2025-10-25 21:05:56Z INFO Listener] Validating directory permissions for: 'C:\Users\user\ProjectSW\actions-runner'
[2025-10-25 21:05:56Z INFO CommandLineParser] Parse
[2025-10-25 21:05:56Z INFO CommandLineParser] Parsing 1 args
[2025-10-25 21:05:56Z INFO CommandLineParser] parsing argument
[2025-10-25 21:05:56Z INFO CommandLineParser] HasArgs: False
[2025-10-25 21:05:56Z INFO CommandLineParser] Adding Command: run
[2025-10-25 21:05:56Z INFO Listener] Arguments parsed
[2025-10-25 21:05:56Z INFO Runner] ExecuteCommand
[2025-10-25 21:05:56Z INFO ConfigurationStore] currentAssemblyLocation: C:\Users\user\ProjectSW\actions-runner\bin\Runner.Listener.dll
[2025-10-25 21:05:56Z INFO HostContext] Well known directory 'Bin': 'C:\Users\user\ProjectSW\actions-runner\bin'
[2025-10-25 21:05:56Z INFO ConfigurationStore] binPath: C:\Users\user\ProjectSW\actions-runner\bin
[2025-10-25 21:05:56Z INFO HostContext] Well known directory 'Bin': 'C:\Users\user\ProjectSW\actions-runner\bin'
[2025-10-25 21:05:56Z INFO HostContext] Well known directory 'Root': 'C:\Users\user\ProjectSW\actions-runner'
[2025-10-25 21:05:56Z INFO ConfigurationStore] RootFolder: C:\Users\user\ProjectSW\actions-runner
[2025-10-25 21:05:56Z INFO HostContext] Well known directory 'Bin': 'C:\Users\user\ProjectSW\actions-runner\bin'
[2025-10-25 21:05:56Z INFO HostContext] Well known directory 'Root': 'C:\Users\user\ProjectSW\actions-runner'
[2025-10-25 21:05:56Z INFO HostContext] Well known config file 'Runner': 'C:\Users\user\ProjectSW\actions-runner\.runner'
[2025-10-25 21:05:56Z INFO ConfigurationStore] ConfigFilePath: C:\Users\user\ProjectSW\actions-runner\.runner
[2025-10-25 21:05:56Z INFO HostContext] Well known directory 'Bin': 'C:\Users\user\ProjectSW\actions-runner\bin'
[2025-10-25 21:05:56Z INFO HostContext] Well known directory 'Root': 'C:\Users\user\ProjectSW\actions-runner'
[2025-10-25 21:05:56Z INFO HostContext] Well known config file 'MigratedRunner': 'C:\Users\user\ProjectSW\actions-runner\.runner_migrated'
[2025-10-25 21:05:56Z INFO ConfigurationStore] MigratedConfigFilePath: C:\Users\user\ProjectSW\actions-runner\.runner_migrated
[2025-10-25 21:05:56Z INFO HostContext] Well known directory 'Bin': 'C:\Users\user\ProjectSW\actions-runner\bin'
[2025-10-25 21:05:56Z INFO HostContext] Well known directory 'Root': 'C:\Users\user\ProjectSW\actions-runner'
[2025-10-25 21:05:56Z INFO HostContext] Well known config file 'Credentials': 'C:\Users\user\ProjectSW\actions-runner\.credentials'
[2025-10-25 21:05:56Z INFO ConfigurationStore] CredFilePath: C:\Users\user\ProjectSW\actions-runner\.credentials
[2025-10-25 21:05:56Z INFO HostContext] Well known directory 'Bin': 'C:\Users\user\ProjectSW\actions-runner\bin'
[2025-10-25 21:05:56Z INFO HostContext] Well known directory 'Root': 'C:\Users\user\ProjectSW\actions-runner'
[2025-10-25 21:05:56Z INFO HostContext] Well known config file 'MigratedCredentials': 'C:\Users\user\ProjectSW\actions-runner\.credentials_migrated'
[2025-10-25 21:05:56Z INFO ConfigurationStore] MigratedCredFilePath: C:\Users\user\ProjectSW\actions-runner\.credentials_migrated
[2025-10-25 21:05:56Z INFO HostContext] Well known directory 'Bin': 'C:\Users\user\ProjectSW\actions-runner\bin'
[2025-10-25 21:05:56Z INFO HostContext] Well known directory 'Root': 'C:\Users\user\ProjectSW\actions-runner'
[2025-10-25 21:05:56Z INFO HostContext] Well known config file 'Service': 'C:\Users\user\ProjectSW\actions-runner\.service'
[2025-10-25 21:05:56Z INFO ConfigurationStore] ServiceConfigFilePath: C:\Users\user\ProjectSW\actions-runner\.service
[2025-10-25 21:05:56Z INFO CommandSettings] Flag 'help': 'False'
[2025-10-25 21:05:56Z INFO CommandSettings] Flag 'version': 'False'
[2025-10-25 21:05:56Z INFO CommandSettings] Flag 'commit': 'False'
[2025-10-25 21:05:56Z INFO CommandSettings] Flag 'check': 'False'
[2025-10-25 21:05:56Z INFO CommandSettings] Command 'configure': 'False'
[2025-10-25 21:05:56Z INFO CommandSettings] Command 'remove': 'False'
[2025-10-25 21:05:56Z INFO CommandSettings] Command 'warmup': 'False'
[2025-10-25 21:05:56Z INFO ConfigurationManager] LoadSettings
[2025-10-25 21:05:56Z INFO ConfigurationStore] IsConfigured()
[2025-10-25 21:05:56Z INFO ConfigurationStore] IsConfigured: True
[2025-10-25 21:05:56Z INFO ConfigurationManager] Is configured: True
[2025-10-25 21:05:56Z INFO ConfigurationStore] Read setting file: 395 chars
[2025-10-25 21:05:56Z INFO ConfigurationManager] Settings Loaded
[2025-10-25 21:05:56Z INFO ConfigurationStore] IsServiceConfigured()
[2025-10-25 21:05:56Z INFO ConfigurationStore] IsServiceConfigured: False
[2025-10-25 21:05:56Z INFO CommandSettings] Command 'run': 'True'
[2025-10-25 21:05:56Z INFO ConfigurationStore] IsConfigured()
[2025-10-25 21:05:56Z INFO ConfigurationStore] IsConfigured: True
[2025-10-25 21:05:56Z INFO ConfigurationManager] Is configured: True
[2025-10-25 21:05:56Z INFO Runner] Could not parse the argument value '' for StartupType. Defaulting to Manual
[2025-10-25 21:05:56Z INFO Runner] Set runner startup type - Manual
[2025-10-25 21:05:56Z INFO CommandSettings] Flag 'once': 'False'
[2025-10-25 21:05:56Z INFO CommandSettings] Flag 'once': 'False'
[2025-10-25 21:05:56Z INFO Runner] RunAsync
[2025-10-25 21:05:56Z INFO ConfigurationManager] LoadMigratedSettings
[2025-10-25 21:05:56Z INFO ConfigurationStore] IsMigratedConfigured()
[2025-10-25 21:05:56Z INFO ConfigurationStore] IsMigratedConfigured: False
[2025-10-25 21:05:56Z INFO Runner] Failed to load migrated settings: No migrated configuration found.
[2025-10-25 21:05:56Z INFO Runner] Falling back to original .runner settings
[2025-10-25 21:05:56Z INFO Runner] Using BrokerMessageListener
[2025-10-25 21:05:56Z INFO BrokerMessageListener] Using provided settings
[2025-10-25 21:05:56Z INFO BrokerMessageListener] {
  "AgentId": 21,
  "AgentName": "NICHOLAS-PC",
  "PoolId": 1,
  "PoolName": "Default",
  "ServerUrl": "https://pipelinesghubeus23.actions.githubusercontent.com/PFKQpWSHbGOyh3Lq4FyHgurdodRQxMojWW3wkYbxLEBpbGP9Oh/",
  "GitHubUrl": "https://github.com/Blinomess/ProjectSW",
  "WorkFolder": "_work",
  "UseV2Flow": true,
  "ServerUrlV2": "https://broker.actions.githubusercontent.com/"
}
[2025-10-25 21:05:56Z INFO BrokerMessageListener] Loading Credentials
[2025-10-25 21:05:56Z INFO ConfigurationStore] HasCredentials()
[2025-10-25 21:05:56Z INFO ConfigurationStore] stored True
[2025-10-25 21:05:56Z INFO CredentialManager] GetCredentialProvider
[2025-10-25 21:05:56Z INFO CredentialManager] Creating type OAuth
[2025-10-25 21:05:56Z INFO CredentialManager] Creating credential type: OAuth
[2025-10-25 21:05:56Z INFO HostContext] Well known directory 'Bin': 'C:\Users\user\ProjectSW\actions-runner\bin'
[2025-10-25 21:05:56Z INFO HostContext] Well known directory 'Root': 'C:\Users\user\ProjectSW\actions-runner'
[2025-10-25 21:05:56Z INFO HostContext] Well known config file 'RSACredentials': 'C:\Users\user\ProjectSW\actions-runner\.credentials_rsaparams'
[2025-10-25 21:05:56Z INFO RSAEncryptedFileKeyManager] Loading RSA key parameters from file C:\Users\user\ProjectSW\actions-runner\.credentials_rsaparams
[2025-10-25 21:05:56Z INFO BrokerMessageListener] Attempt to create session.
[2025-10-25 21:05:56Z INFO BrokerMessageListener] Connecting to the Broker Server...
[2025-10-25 21:05:56Z INFO ConfigurationStore] HasCredentials()
[2025-10-25 21:05:56Z INFO ConfigurationStore] stored True
[2025-10-25 21:05:56Z INFO CredentialManager] GetCredentialProvider
[2025-10-25 21:05:56Z INFO CredentialManager] Creating type OAuth
[2025-10-25 21:05:56Z INFO CredentialManager] Creating credential type: OAuth
[2025-10-25 21:05:56Z INFO RSAEncryptedFileKeyManager] Loading RSA key parameters from file C:\Users\user\ProjectSW\actions-runner\.credentials_rsaparams
[2025-10-25 21:05:56Z INFO BrokerMessageListener] VssConnection created
[2025-10-25 21:05:56Z INFO BrokerMessageListener] Connecting to the Runner server...
[2025-10-25 21:05:56Z INFO RunnerServer] EstablishVssConnection
[2025-10-25 21:05:56Z INFO RunnerServer] Establish connection with 100 seconds timeout.
[2025-10-25 21:05:56Z INFO GitHubActionsService] Starting operation Location.GetConnectionData
[2025-10-25 21:05:56Z INFO RunnerServer] EstablishVssConnection
[2025-10-25 21:05:56Z INFO RunnerServer] Establish connection with 60 seconds timeout.
[2025-10-25 21:05:56Z INFO GitHubActionsService] Starting operation Location.GetConnectionData
[2025-10-25 21:05:56Z INFO RunnerServer] EstablishVssConnection
[2025-10-25 21:05:56Z INFO RunnerServer] Establish connection with 60 seconds timeout.
[2025-10-25 21:05:56Z INFO GitHubActionsService] Starting operation Location.GetConnectionData
[2025-10-25 21:05:57Z INFO GitHubActionsService] Finished operation Location.GetConnectionData
[2025-10-25 21:05:57Z INFO GitHubActionsService] Finished operation Location.GetConnectionData
[2025-10-25 21:05:57Z INFO GitHubActionsService] Finished operation Location.GetConnectionData
[2025-10-25 21:05:57Z INFO BrokerMessageListener] VssConnection created
[2025-10-25 21:05:57Z INFO Terminal] WRITE LINE: 
[2025-10-25 21:05:57Z INFO Terminal] WRITE LINE: 
[2025-10-25 21:05:57Z INFO RSAEncryptedFileKeyManager] Loading RSA key parameters from file C:\Users\user\ProjectSW\actions-runner\.credentials_rsaparams
[2025-10-25 21:05:57Z INFO RSAEncryptedFileKeyManager] Loading RSA key parameters from file C:\Users\user\ProjectSW\actions-runner\.credentials_rsaparams
[2025-10-25 21:05:57Z INFO GitHubActionsService] AAD Correlation ID for this token request: Unknown
[2025-10-25 21:05:58Z INFO BrokerMessageListener] Session created.
[2025-10-25 21:05:58Z INFO Terminal] WRITE LINE: Current runner version: '2.329.0'
[2025-10-25 21:05:58Z INFO Terminal] WRITE LINE: 2025-10-25 21:05:58Z: Listening for Jobs
[2025-10-25 21:05:58Z INFO JobDispatcher] Set runner/worker IPC timeout to 30 seconds.
[2025-10-25 21:05:59Z INFO ConfigurationStore] HasCredentials()
[2025-10-25 21:05:59Z INFO ConfigurationStore] stored True
[2025-10-25 21:05:59Z INFO CredentialManager] GetCredentialProvider
[2025-10-25 21:05:59Z INFO CredentialManager] Creating type OAuth
[2025-10-25 21:05:59Z INFO CredentialManager] Creating credential type: OAuth
[2025-10-25 21:05:59Z INFO RSAEncryptedFileKeyManager] Loading RSA key parameters from file C:\Users\user\ProjectSW\actions-runner\.credentials_rsaparams
[2025-10-25 21:05:59Z INFO RSAEncryptedFileKeyManager] Loading RSA key parameters from file C:\Users\user\ProjectSW\actions-runner\.credentials_rsaparams
[2025-10-25 21:05:59Z INFO RSAEncryptedFileKeyManager] Loading RSA key parameters from file C:\Users\user\ProjectSW\actions-runner\.credentials_rsaparams
[2025-10-25 21:05:59Z INFO GitHubActionsService] AAD Correlation ID for this token request: Unknown
[2025-10-25 21:06:00Z INFO JobDispatcher] Job request 0 for plan 79d66514-6413-4077-90b7-8170fc41ac91 job d62a42ca-6f40-5f9a-9fba-04cebadcd3fd received.
[2025-10-25 21:06:00Z INFO JobDispatcher] Pull OrchestrationId 79d66514-6413-4077-90b7-8170fc41ac91.backend-tests.authentification_service from JWT claims
[2025-10-25 21:06:00Z INFO BrokerMessageListener] Received job status event. JobState: Busy
[2025-10-25 21:06:00Z INFO BrokerMessageListener] _getMessagesTokenSource is already disposed.
[2025-10-25 21:06:00Z INFO Terminal] WRITE LINE: 2025-10-25 21:06:00Z: Running job: backend-tests (authentification_service)
[2025-10-25 21:06:00Z INFO JobDispatcher] Start renew job request 0 for job d62a42ca-6f40-5f9a-9fba-04cebadcd3fd.
[2025-10-25 21:06:00Z INFO JobDispatcher] Successfully renew job d62a42ca-6f40-5f9a-9fba-04cebadcd3fd, job is valid till 25.10.2025 21:15:32
[2025-10-25 21:06:00Z INFO HostContext] Well known directory 'Bin': 'C:\Users\user\ProjectSW\actions-runner\bin'
[2025-10-25 21:06:00Z INFO ProcessInvokerWrapper] Starting process:
[2025-10-25 21:06:00Z INFO ProcessInvokerWrapper]   File name: 'C:\Users\user\ProjectSW\actions-runner\bin\Runner.Worker.exe'
[2025-10-25 21:06:00Z INFO ProcessInvokerWrapper]   Arguments: 'spawnclient 2216 2228'
[2025-10-25 21:06:00Z INFO ProcessInvokerWrapper]   Working directory: 'C:\Users\user\ProjectSW\actions-runner\bin'
[2025-10-25 21:06:00Z INFO ProcessInvokerWrapper]   Require exit code zero: 'False'
[2025-10-25 21:06:00Z INFO ProcessInvokerWrapper]   Encoding web name:  ; code page: ''
[2025-10-25 21:06:00Z INFO ProcessInvokerWrapper]   Force kill process on cancellation: 'True'
[2025-10-25 21:06:00Z INFO ProcessInvokerWrapper]   Redirected STDIN: 'False'
[2025-10-25 21:06:00Z INFO ProcessInvokerWrapper]   Persist current code page: 'False'
[2025-10-25 21:06:00Z INFO ProcessInvokerWrapper]   Keep redirected STDIN open: 'False'
[2025-10-25 21:06:00Z INFO ProcessInvokerWrapper]   High priority process: 'True'
[2025-10-25 21:06:01Z INFO ProcessInvokerWrapper] Process started with process id 25696, waiting for process exit.
[2025-10-25 21:06:01Z INFO JobDispatcher] Send job request message to worker for job d62a42ca-6f40-5f9a-9fba-04cebadcd3fd.
[2025-10-25 21:06:01Z INFO ProcessChannel] Sending message of length 23032, with hash '540458998f0098b6dc9376b6ce70cbd5a77ab3f47bf5f60c7eb691c68bfe4b46'
[2025-10-25 21:06:01Z INFO JobNotification] Entering JobStarted Notification
[2025-10-25 21:06:01Z INFO JobNotification] Entering StartMonitor
[2025-10-25 21:06:11Z INFO ProcessInvokerWrapper] STDOUT/STDERR stream read finished.
[2025-10-25 21:06:11Z INFO ProcessInvokerWrapper] STDOUT/STDERR stream read finished.
[2025-10-25 21:06:11Z INFO ProcessInvokerWrapper] Finished process 25696 with exit code 102, and elapsed time 00:00:10.3217650.
[2025-10-25 21:06:11Z INFO JobDispatcher] Worker finished for job d62a42ca-6f40-5f9a-9fba-04cebadcd3fd. Code: 102
[2025-10-25 21:06:11Z INFO JobDispatcher] finish job request for job d62a42ca-6f40-5f9a-9fba-04cebadcd3fd with result: Failed
[2025-10-25 21:06:11Z INFO Terminal] WRITE LINE: 2025-10-25 21:06:11Z: Job backend-tests (authentification_service) completed with result: Failed
[2025-10-25 21:06:11Z INFO JobDispatcher] Stop renew job request for job d62a42ca-6f40-5f9a-9fba-04cebadcd3fd.
[2025-10-25 21:06:11Z INFO JobDispatcher] job renew has been cancelled, stop renew job d62a42ca-6f40-5f9a-9fba-04cebadcd3fd.
[2025-10-25 21:06:11Z INFO JobNotification] Entering JobCompleted Notification
[2025-10-25 21:06:11Z INFO JobNotification] Entering EndMonitor
[2025-10-25 21:06:11Z INFO BrokerMessageListener] Received job status event. JobState: Online
[2025-10-25 21:06:11Z WARN GitHubActionsService] GET request to https://broker.actions.githubusercontent.com/message?sessionId=f6583057-c8fc-4fd0-815e-095c4b649a90&status=Busy&runnerVersion=2.329.0&os=Windows&architecture=X64&disableUpdate=false has been cancelled.
[2025-10-25 21:06:11Z ERR  BrokerServer] Catch exception during request
[2025-10-25 21:06:11Z ERR  BrokerServer] System.Threading.Tasks.TaskCanceledException: The operation was canceled.
 ---> System.Threading.Tasks.TaskCanceledException: The operation was canceled.
 ---> System.IO.IOException: Unable to read data from the transport connection: Операция ввода/вывода была прервана из-за завершения потока команд или по запросу приложения..
 ---> System.Net.Sockets.SocketException (995): Операция ввода/вывода была прервана из-за завершения потока команд или по запросу приложения.
   --- End of inner exception stack trace ---
   at System.Net.Sockets.Socket.AwaitableSocketAsyncEventArgs.ThrowException(SocketError error, CancellationToken cancellationToken)
   at System.Net.Sockets.Socket.AwaitableSocketAsyncEventArgs.System.Threading.Tasks.Sources.IValueTaskSource<System.Int32>.GetResult(Int16 token)
   at System.Net.Security.SslStream.EnsureFullTlsFrameAsync[TIOAdapter](CancellationToken cancellationToken, Int32 estimatedSize)
   at System.Runtime.CompilerServices.PoolingAsyncValueTaskMethodBuilder`1.StateMachineBox`1.System.Threading.Tasks.Sources.IValueTaskSource<TResult>.GetResult(Int16 token)
   at System.Net.Security.SslStream.ReadAsyncInternal[TIOAdapter](Memory`1 buffer, CancellationToken cancellationToken)
   at System.Runtime.CompilerServices.PoolingAsyncValueTaskMethodBuilder`1.StateMachineBox`1.System.Threading.Tasks.Sources.IValueTaskSource<TResult>.GetResult(Int16 token)
   at System.Net.Http.HttpConnection.SendAsync(HttpRequestMessage request, Boolean async, CancellationToken cancellationToken)
   --- End of inner exception stack trace ---
   at System.Net.Http.HttpConnection.SendAsync(HttpRequestMessage request, Boolean async, CancellationToken cancellationToken)
   at System.Net.Http.AuthenticationHelper.SendWithNtAuthAsync(HttpRequestMessage request, Uri authUri, Boolean async, ICredentials credentials, Boolean isProxyAuth, HttpConnection connection, HttpConnectionPool connectionPool, CancellationToken cancellationToken)
   at System.Net.Http.HttpConnectionPool.SendWithVersionDetectionAndRetryAsync(HttpRequestMessage request, Boolean async, Boolean doRequestAuth, CancellationToken cancellationToken)
   at System.Net.Http.AuthenticationHelper.SendWithAuthAsync(HttpRequestMessage request, Uri authUri, Boolean async, ICredentials credentials, Boolean preAuthenticate, Boolean isProxyAuth, Boolean doRequestAuth, HttpConnectionPool pool, CancellationToken cancellationToken)
   at System.Net.Http.RedirectHandler.SendAsync(HttpRequestMessage request, Boolean async, CancellationToken cancellationToken)
   at GitHub.Services.Common.RawHttpMessageHandler.SendAsync(HttpRequestMessage request, CancellationToken cancellationToken)
   at GitHub.Services.Common.VssHttpRetryMessageHandler.SendAsync(HttpRequestMessage request, CancellationToken cancellationToken)
   at System.Net.Http.HttpClient.<SendAsync>g__Core|83_0(HttpRequestMessage request, HttpCompletionOption completionOption, CancellationTokenSource cts, Boolean disposeCts, CancellationTokenSource pendingRequestsCts, CancellationToken originalCancellationToken)
   --- End of inner exception stack trace ---
   at System.Net.Http.HttpClient.HandleFailure(Exception e, Boolean telemetryStarted, HttpResponseMessage response, CancellationTokenSource cts, CancellationToken cancellationToken, CancellationTokenSource pendingRequestsCts)
   at System.Net.Http.HttpClient.<SendAsync>g__Core|83_0(HttpRequestMessage request, HttpCompletionOption completionOption, CancellationTokenSource cts, Boolean disposeCts, CancellationTokenSource pendingRequestsCts, CancellationToken originalCancellationToken)
   at Sdk.WebApi.WebApi.RawHttpClientBase.SendAsync(HttpRequestMessage message, HttpCompletionOption completionOption, Object userState, CancellationToken cancellationToken)
   at Sdk.WebApi.WebApi.RawHttpClientBase.SendAsync[T](HttpRequestMessage message, Boolean readErrorBody, Object userState, CancellationToken cancellationToken)
   at Sdk.WebApi.WebApi.RawHttpClientBase.SendAsync[T](HttpMethod method, IEnumerable`1 additionalHeaders, Uri requestUri, HttpContent content, IEnumerable`1 queryParameters, Boolean readErrorBody, Object userState, CancellationToken cancellationToken)
   at GitHub.Actions.RunService.WebApi.BrokerHttpClient.GetRunnerMessageAsync(Nullable`1 sessionId, String runnerVersion, Nullable`1 status, String os, String architecture, Nullable`1 disableUpdate, CancellationToken cancellationToken)
   at GitHub.Runner.Common.BrokerServer.<>c__DisplayClass7_0.<<GetRunnerMessageAsync>b__0>d.MoveNext()
--- End of stack trace from previous location ---
   at GitHub.Runner.Common.RunnerService.RetryRequest[T](Func`1 func, CancellationToken cancellationToken, Int32 maxAttempts, Func`2 shouldRetry)
[2025-10-25 21:06:11Z ERR  BrokerServer] #####################################################
[2025-10-25 21:06:11Z ERR  BrokerServer] System.Threading.Tasks.TaskCanceledException: The operation was canceled.
 ---> System.IO.IOException: Unable to read data from the transport connection: Операция ввода/вывода была прервана из-за завершения потока команд или по запросу приложения..
 ---> System.Net.Sockets.SocketException (995): Операция ввода/вывода была прервана из-за завершения потока команд или по запросу приложения.
   --- End of inner exception stack trace ---
   at System.Net.Sockets.Socket.AwaitableSocketAsyncEventArgs.ThrowException(SocketError error, CancellationToken cancellationToken)
   at System.Net.Sockets.Socket.AwaitableSocketAsyncEventArgs.System.Threading.Tasks.Sources.IValueTaskSource<System.Int32>.GetResult(Int16 token)
   at System.Net.Security.SslStream.EnsureFullTlsFrameAsync[TIOAdapter](CancellationToken cancellationToken, Int32 estimatedSize)
   at System.Runtime.CompilerServices.PoolingAsyncValueTaskMethodBuilder`1.StateMachineBox`1.System.Threading.Tasks.Sources.IValueTaskSource<TResult>.GetResult(Int16 token)
   at System.Net.Security.SslStream.ReadAsyncInternal[TIOAdapter](Memory`1 buffer, CancellationToken cancellationToken)
   at System.Runtime.CompilerServices.PoolingAsyncValueTaskMethodBuilder`1.StateMachineBox`1.System.Threading.Tasks.Sources.IValueTaskSource<TResult>.GetResult(Int16 token)
   at System.Net.Http.HttpConnection.SendAsync(HttpRequestMessage request, Boolean async, CancellationToken cancellationToken)
   --- End of inner exception stack trace ---
   at System.Net.Http.HttpConnection.SendAsync(HttpRequestMessage request, Boolean async, CancellationToken cancellationToken)
   at System.Net.Http.AuthenticationHelper.SendWithNtAuthAsync(HttpRequestMessage request, Uri authUri, Boolean async, ICredentials credentials, Boolean isProxyAuth, HttpConnection connection, HttpConnectionPool connectionPool, CancellationToken cancellationToken)
   at System.Net.Http.HttpConnectionPool.SendWithVersionDetectionAndRetryAsync(HttpRequestMessage request, Boolean async, Boolean doRequestAuth, CancellationToken cancellationToken)
   at System.Net.Http.AuthenticationHelper.SendWithAuthAsync(HttpRequestMessage request, Uri authUri, Boolean async, ICredentials credentials, Boolean preAuthenticate, Boolean isProxyAuth, Boolean doRequestAuth, HttpConnectionPool pool, CancellationToken cancellationToken)
   at System.Net.Http.RedirectHandler.SendAsync(HttpRequestMessage request, Boolean async, CancellationToken cancellationToken)
   at GitHub.Services.Common.RawHttpMessageHandler.SendAsync(HttpRequestMessage request, CancellationToken cancellationToken)
   at GitHub.Services.Common.VssHttpRetryMessageHandler.SendAsync(HttpRequestMessage request, CancellationToken cancellationToken)
   at System.Net.Http.HttpClient.<SendAsync>g__Core|83_0(HttpRequestMessage request, HttpCompletionOption completionOption, CancellationTokenSource cts, Boolean disposeCts, CancellationTokenSource pendingRequestsCts, CancellationToken originalCancellationToken)
[2025-10-25 21:06:11Z ERR  BrokerServer] #####################################################
[2025-10-25 21:06:11Z ERR  BrokerServer] System.IO.IOException: Unable to read data from the transport connection: Операция ввода/вывода была прервана из-за завершения потока команд или по запросу приложения..
 ---> System.Net.Sockets.SocketException (995): Операция ввода/вывода была прервана из-за завершения потока команд или по запросу приложения.
   --- End of inner exception stack trace ---
   at System.Net.Sockets.Socket.AwaitableSocketAsyncEventArgs.ThrowException(SocketError error, CancellationToken cancellationToken)
   at System.Net.Sockets.Socket.AwaitableSocketAsyncEventArgs.System.Threading.Tasks.Sources.IValueTaskSource<System.Int32>.GetResult(Int16 token)
   at System.Net.Security.SslStream.EnsureFullTlsFrameAsync[TIOAdapter](CancellationToken cancellationToken, Int32 estimatedSize)
   at System.Runtime.CompilerServices.PoolingAsyncValueTaskMethodBuilder`1.StateMachineBox`1.System.Threading.Tasks.Sources.IValueTaskSource<TResult>.GetResult(Int16 token)
   at System.Net.Security.SslStream.ReadAsyncInternal[TIOAdapter](Memory`1 buffer, CancellationToken cancellationToken)
   at System.Runtime.CompilerServices.PoolingAsyncValueTaskMethodBuilder`1.StateMachineBox`1.System.Threading.Tasks.Sources.IValueTaskSource<TResult>.GetResult(Int16 token)
   at System.Net.Http.HttpConnection.SendAsync(HttpRequestMessage request, Boolean async, CancellationToken cancellationToken)
[2025-10-25 21:06:11Z ERR  BrokerServer] #####################################################
[2025-10-25 21:06:11Z ERR  BrokerServer] System.Net.Sockets.SocketException (995): Операция ввода/вывода была прервана из-за завершения потока команд или по запросу приложения.
[2025-10-25 21:06:11Z WARN BrokerServer] Back off 14,067 seconds before next retry. 4 attempt left.
[2025-10-25 21:06:11Z INFO BrokerMessageListener] Get messages has been cancelled using local token source. Continue to get messages with new status.
[2025-10-25 21:08:48Z INFO Terminal] WRITE LINE: Exiting...
[2025-10-25 21:08:48Z INFO ConfigurationStore] IsServiceConfigured()
[2025-10-25 21:08:48Z INFO ConfigurationStore] IsServiceConfigured: False
[2025-10-25 21:08:48Z INFO HostContext] Runner will be shutdown for UserCancelled
[2025-10-25 21:08:48Z WARN GitHubActionsService] GET request to https://broker.actions.githubusercontent.com/message?sessionId=f6583057-c8fc-4fd0-815e-095c4b649a90&status=Online&runnerVersion=2.329.0&os=Windows&architecture=X64&disableUpdate=false has been cancelled.
[2025-10-25 21:08:48Z ERR  BrokerServer] Catch exception during request
[2025-10-25 21:08:48Z ERR  BrokerServer] System.Threading.Tasks.TaskCanceledException: The operation was canceled.
 ---> System.Threading.Tasks.TaskCanceledException: The operation was canceled.
 ---> System.IO.IOException: Unable to read data from the transport connection: Операция ввода/вывода была прервана из-за завершения потока команд или по запросу приложения..
 ---> System.Net.Sockets.SocketException (995): Операция ввода/вывода была прервана из-за завершения потока команд или по запросу приложения.
   --- End of inner exception stack trace ---
   at System.Net.Sockets.Socket.AwaitableSocketAsyncEventArgs.ThrowException(SocketError error, CancellationToken cancellationToken)
   at System.Net.Sockets.Socket.AwaitableSocketAsyncEventArgs.System.Threading.Tasks.Sources.IValueTaskSource<System.Int32>.GetResult(Int16 token)
   at System.Net.Security.SslStream.EnsureFullTlsFrameAsync[TIOAdapter](CancellationToken cancellationToken, Int32 estimatedSize)
   at System.Runtime.CompilerServices.PoolingAsyncValueTaskMethodBuilder`1.StateMachineBox`1.System.Threading.Tasks.Sources.IValueTaskSource<TResult>.GetResult(Int16 token)
   at System.Net.Security.SslStream.ReadAsyncInternal[TIOAdapter](Memory`1 buffer, CancellationToken cancellationToken)
   at System.Runtime.CompilerServices.PoolingAsyncValueTaskMethodBuilder`1.StateMachineBox`1.System.Threading.Tasks.Sources.IValueTaskSource<TResult>.GetResult(Int16 token)
   at System.Net.Http.HttpConnection.SendAsync(HttpRequestMessage request, Boolean async, CancellationToken cancellationToken)
   --- End of inner exception stack trace ---
   at System.Net.Http.HttpConnection.SendAsync(HttpRequestMessage request, Boolean async, CancellationToken cancellationToken)
   at System.Net.Http.AuthenticationHelper.SendWithNtAuthAsync(HttpRequestMessage request, Uri authUri, Boolean async, ICredentials credentials, Boolean isProxyAuth, HttpConnection connection, HttpConnectionPool connectionPool, CancellationToken cancellationToken)
   at System.Net.Http.HttpConnectionPool.SendWithVersionDetectionAndRetryAsync(HttpRequestMessage request, Boolean async, Boolean doRequestAuth, CancellationToken cancellationToken)
   at System.Net.Http.AuthenticationHelper.SendWithAuthAsync(HttpRequestMessage request, Uri authUri, Boolean async, ICredentials credentials, Boolean preAuthenticate, Boolean isProxyAuth, Boolean doRequestAuth, HttpConnectionPool pool, CancellationToken cancellationToken)
   at System.Net.Http.RedirectHandler.SendAsync(HttpRequestMessage request, Boolean async, CancellationToken cancellationToken)
   at GitHub.Services.Common.RawHttpMessageHandler.SendAsync(HttpRequestMessage request, CancellationToken cancellationToken)
   at GitHub.Services.Common.VssHttpRetryMessageHandler.SendAsync(HttpRequestMessage request, CancellationToken cancellationToken)
   at System.Net.Http.HttpClient.<SendAsync>g__Core|83_0(HttpRequestMessage request, HttpCompletionOption completionOption, CancellationTokenSource cts, Boolean disposeCts, CancellationTokenSource pendingRequestsCts, CancellationToken originalCancellationToken)
   --- End of inner exception stack trace ---
   at System.Net.Http.HttpClient.HandleFailure(Exception e, Boolean telemetryStarted, HttpResponseMessage response, CancellationTokenSource cts, CancellationToken cancellationToken, CancellationTokenSource pendingRequestsCts)
   at System.Net.Http.HttpClient.<SendAsync>g__Core|83_0(HttpRequestMessage request, HttpCompletionOption completionOption, CancellationTokenSource cts, Boolean disposeCts, CancellationTokenSource pendingRequestsCts, CancellationToken originalCancellationToken)
   at Sdk.WebApi.WebApi.RawHttpClientBase.SendAsync(HttpRequestMessage message, HttpCompletionOption completionOption, Object userState, CancellationToken cancellationToken)
   at Sdk.WebApi.WebApi.RawHttpClientBase.SendAsync[T](HttpRequestMessage message, Boolean readErrorBody, Object userState, CancellationToken cancellationToken)
   at Sdk.WebApi.WebApi.RawHttpClientBase.SendAsync[T](HttpMethod method, IEnumerable`1 additionalHeaders, Uri requestUri, HttpContent content, IEnumerable`1 queryParameters, Boolean readErrorBody, Object userState, CancellationToken cancellationToken)
   at GitHub.Actions.RunService.WebApi.BrokerHttpClient.GetRunnerMessageAsync(Nullable`1 sessionId, String runnerVersion, Nullable`1 status, String os, String architecture, Nullable`1 disableUpdate, CancellationToken cancellationToken)
   at GitHub.Runner.Common.BrokerServer.<>c__DisplayClass7_0.<<GetRunnerMessageAsync>b__0>d.MoveNext()
--- End of stack trace from previous location ---
   at GitHub.Runner.Common.RunnerService.RetryRequest[T](Func`1 func, CancellationToken cancellationToken, Int32 maxAttempts, Func`2 shouldRetry)
[2025-10-25 21:08:48Z ERR  BrokerServer] #####################################################
[2025-10-25 21:08:48Z ERR  BrokerServer] System.Threading.Tasks.TaskCanceledException: The operation was canceled.
 ---> System.IO.IOException: Unable to read data from the transport connection: Операция ввода/вывода была прервана из-за завершения потока команд или по запросу приложения..
 ---> System.Net.Sockets.SocketException (995): Операция ввода/вывода была прервана из-за завершения потока команд или по запросу приложения.
   --- End of inner exception stack trace ---
   at System.Net.Sockets.Socket.AwaitableSocketAsyncEventArgs.ThrowException(SocketError error, CancellationToken cancellationToken)
   at System.Net.Sockets.Socket.AwaitableSocketAsyncEventArgs.System.Threading.Tasks.Sources.IValueTaskSource<System.Int32>.GetResult(Int16 token)
   at System.Net.Security.SslStream.EnsureFullTlsFrameAsync[TIOAdapter](CancellationToken cancellationToken, Int32 estimatedSize)
   at System.Runtime.CompilerServices.PoolingAsyncValueTaskMethodBuilder`1.StateMachineBox`1.System.Threading.Tasks.Sources.IValueTaskSource<TResult>.GetResult(Int16 token)
   at System.Net.Security.SslStream.ReadAsyncInternal[TIOAdapter](Memory`1 buffer, CancellationToken cancellationToken)
   at System.Runtime.CompilerServices.PoolingAsyncValueTaskMethodBuilder`1.StateMachineBox`1.System.Threading.Tasks.Sources.IValueTaskSource<TResult>.GetResult(Int16 token)
   at System.Net.Http.HttpConnection.SendAsync(HttpRequestMessage request, Boolean async, CancellationToken cancellationToken)
   --- End of inner exception stack trace ---
   at System.Net.Http.HttpConnection.SendAsync(HttpRequestMessage request, Boolean async, CancellationToken cancellationToken)
   at System.Net.Http.AuthenticationHelper.SendWithNtAuthAsync(HttpRequestMessage request, Uri authUri, Boolean async, ICredentials credentials, Boolean isProxyAuth, HttpConnection connection, HttpConnectionPool connectionPool, CancellationToken cancellationToken)
   at System.Net.Http.HttpConnectionPool.SendWithVersionDetectionAndRetryAsync(HttpRequestMessage request, Boolean async, Boolean doRequestAuth, CancellationToken cancellationToken)
   at System.Net.Http.AuthenticationHelper.SendWithAuthAsync(HttpRequestMessage request, Uri authUri, Boolean async, ICredentials credentials, Boolean preAuthenticate, Boolean isProxyAuth, Boolean doRequestAuth, HttpConnectionPool pool, CancellationToken cancellationToken)
   at System.Net.Http.RedirectHandler.SendAsync(HttpRequestMessage request, Boolean async, CancellationToken cancellationToken)
   at GitHub.Services.Common.RawHttpMessageHandler.SendAsync(HttpRequestMessage request, CancellationToken cancellationToken)
   at GitHub.Services.Common.VssHttpRetryMessageHandler.SendAsync(HttpRequestMessage request, CancellationToken cancellationToken)
   at System.Net.Http.HttpClient.<SendAsync>g__Core|83_0(HttpRequestMessage request, HttpCompletionOption completionOption, CancellationTokenSource cts, Boolean disposeCts, CancellationTokenSource pendingRequestsCts, CancellationToken originalCancellationToken)
[2025-10-25 21:08:48Z ERR  BrokerServer] #####################################################
[2025-10-25 21:08:48Z ERR  BrokerServer] System.IO.IOException: Unable to read data from the transport connection: Операция ввода/вывода была прервана из-за завершения потока команд или по запросу приложения..
 ---> System.Net.Sockets.SocketException (995): Операция ввода/вывода была прервана из-за завершения потока команд или по запросу приложения.
   --- End of inner exception stack trace ---
   at System.Net.Sockets.Socket.AwaitableSocketAsyncEventArgs.ThrowException(SocketError error, CancellationToken cancellationToken)
   at System.Net.Sockets.Socket.AwaitableSocketAsyncEventArgs.System.Threading.Tasks.Sources.IValueTaskSource<System.Int32>.GetResult(Int16 token)
   at System.Net.Security.SslStream.EnsureFullTlsFrameAsync[TIOAdapter](CancellationToken cancellationToken, Int32 estimatedSize)
   at System.Runtime.CompilerServices.PoolingAsyncValueTaskMethodBuilder`1.StateMachineBox`1.System.Threading.Tasks.Sources.IValueTaskSource<TResult>.GetResult(Int16 token)
   at System.Net.Security.SslStream.ReadAsyncInternal[TIOAdapter](Memory`1 buffer, CancellationToken cancellationToken)
   at System.Runtime.CompilerServices.PoolingAsyncValueTaskMethodBuilder`1.StateMachineBox`1.System.Threading.Tasks.Sources.IValueTaskSource<TResult>.GetResult(Int16 token)
   at System.Net.Http.HttpConnection.SendAsync(HttpRequestMessage request, Boolean async, CancellationToken cancellationToken)
[2025-10-25 21:08:48Z ERR  BrokerServer] #####################################################
[2025-10-25 21:08:48Z ERR  BrokerServer] System.Net.Sockets.SocketException (995): Операция ввода/вывода была прервана из-за завершения потока команд или по запросу приложения.
[2025-10-25 21:08:48Z WARN BrokerServer] Back off 5,725 seconds before next retry. 4 attempt left.
[2025-10-25 21:08:48Z INFO BrokerMessageListener] Get next message has been cancelled.
[2025-10-25 21:08:48Z INFO JobDispatcher] Shutting down JobDispatcher. Make sure all WorkerDispatcher has finished.
[2025-10-25 21:08:48Z INFO JobDispatcher] Ensure WorkerDispatcher for job d62a42ca-6f40-5f9a-9fba-04cebadcd3fd run to finish, cancel any running job.
[2025-10-25 21:08:48Z INFO JobDispatcher] Job request d62a42ca-6f40-5f9a-9fba-04cebadcd3fd processed succeed.
[2025-10-25 21:08:48Z INFO Runner] Deleting Runner Session...
[2025-10-25 21:08:48Z INFO Listener] Runner execution been cancelled.
