[2025-10-25 21:34:03Z INFO HostContext] No proxy settings were found based on environmental variables (http_proxy/https_proxy/HTTP_PROXY/HTTPS_PROXY)
[2025-10-25 21:34:03Z INFO HostContext] Well known directory 'Bin': 'C:\Users\user\ProjectSW\actions-runner\bin'
[2025-10-25 21:34:03Z INFO HostContext] Well known directory 'Root': 'C:\Users\user\ProjectSW\actions-runner'
[2025-10-25 21:34:03Z INFO HostContext] Well known config file 'Credentials': 'C:\Users\user\ProjectSW\actions-runner\.credentials'
[2025-10-25 21:34:03Z INFO HostContext] Well known directory 'Bin': 'C:\Users\user\ProjectSW\actions-runner\bin'
[2025-10-25 21:34:03Z INFO HostContext] Well known directory 'Root': 'C:\Users\user\ProjectSW\actions-runner'
[2025-10-25 21:34:03Z INFO HostContext] Well known config file 'Runner': 'C:\Users\user\ProjectSW\actions-runner\.runner'
[2025-10-25 21:34:03Z INFO Worker] Version: 2.329.0
[2025-10-25 21:34:03Z INFO Worker] Commit: c76c59996c8fa32e989164a5a695efb12608ae5a
[2025-10-25 21:34:03Z INFO Worker] Culture: ru-RU
[2025-10-25 21:34:03Z INFO Worker] UI Culture: ru-RU
[2025-10-25 21:34:03Z INFO Worker] Waiting to receive the job message from the channel.
[2025-10-25 21:34:03Z INFO ProcessChannel] Receiving message of length 19928, with hash '2f75407d40ed880cc3d12db83e4437c592e2bb5f2da31d69fd3c2b8a26ae9f8b'
[2025-10-25 21:34:03Z INFO Worker] Message received.
[2025-10-25 21:34:03Z INFO Worker] Job message:
 {
  "environmentVariables": [
    {
      "type": 2,
      "file": 1,
      "line": 10,
      "col": 3,
      "map": [
        {
          "key": {
            "type": 0,
            "file": 1,
            "line": 10,
            "col": 3,
            "lit": "REGISTRY"
          },
          "value": {
            "type": 0,
            "file": 1,
            "line": 10,
            "col": 13,
            "lit": "ghcr.io"
          }
        },
        {
          "key": {
            "type": 0,
            "file": 1,
            "line": 11,
            "col": 3,
            "lit": "IMAGE_NAME"
          },
          "value": {
            "type": 3,
            "file": 1,
            "line": 11,
            "col": 15,
            "expr": "github.repository"
          }
        }
      ]
    }
  ],
  "fileTable": [
    ".github/workflows/ci-cd.yml"
  ],
  "mask": [
    {
      "type": "regex",
      "value": "***"
    },
    {
      "type": "regex",
      "value": "***"
    },
    {
      "type": "regex",
      "value": "***"
    },
    {
      "type": "regex",
      "value": "***"
    },
    {
      "type": "regex",
      "value": "***"
    },
    {
      "type": "regex",
      "value": "***"
    },
    {
      "type": "regex",
      "value": "***"
    },
    {
      "type": "regex",
      "value": "***"
    },
    {
      "type": "regex",
      "value": "***"
    },
    {
      "type": "regex",
      "value": "***"
    },
    {
      "type": "regex",
      "value": "***"
    },
    {
      "type": "regex",
      "value": "***"
    },
    {
      "type": "regex",
      "value": "***"
    },
    {
      "type": "regex",
      "value": "***"
    },
    {
      "type": "regex",
      "value": "***"
    },
    {
      "type": "regex",
      "value": "***"
    },
    {
      "type": "regex",
      "value": "***"
    },
    {
      "type": "regex",
      "value": "***"
    }
  ],
  "steps": [
    {
      "type": "action",
      "reference": {
        "type": "script"
      },
      "displayNameToken": {
        "type": 0,
        "file": 1,
        "line": 224,
        "col": 13,
        "lit": "Notify on success"
      },
      "contextName": "__run",
      "inputs": {
        "type": 2,
        "map": [
          {
            "key": "script",
            "value": {
              "type": 0,
              "file": 1,
              "line": 226,
              "col": 12,
              "lit": "echo \"Deployment successful!\""
            }
          }
        ]
      },
      "condition": "success() && (needs.deploy-staging.result == 'success' || needs.deploy-production.result == 'success')",
      "id": "76b4109d-4af9-45d4-921b-05c915434fe6",
      "name": "__run"
    },
    {
      "type": "action",
      "reference": {
        "type": "script"
      },
      "displayNameToken": {
        "type": 0,
        "file": 1,
        "line": 228,
        "col": 13,
        "lit": "Notify on failure"
      },
      "contextName": "__run_2",
      "inputs": {
        "type": 2,
        "map": [
          {
            "key": "script",
            "value": {
              "type": 0,
              "file": 1,
              "line": 230,
              "col": 12,
              "lit": "echo \"Deployment failed!\""
            }
          }
        ]
      },
      "condition": "success() && (needs.deploy-staging.result == 'failure' || needs.deploy-production.result == 'failure')",
      "id": "7d969efd-0bda-4125-a893-5f8b57ef3f7d",
      "name": "__run_2"
    }
  ],
  "variables": {
    "Actions.EnableHttpRedirects": {
      "value": "true"
    },
    "DistributedTask.AddWarningToNode12Action": {
      "value": "true"
    },
    "DistributedTask.AddWarningToNode16Action": {
      "value": "true"
    },
    "DistributedTask.AllowRunnerContainerHooks": {
      "value": "true"
    },
    "DistributedTask.DeprecateStepOutputCommands": {
      "value": "true"
    },
    "DistributedTask.DetailUntarFailure": {
      "value": "true"
    },
    "DistributedTask.EnableCompositeActions": {
      "value": "true"
    },
    "DistributedTask.EnableJobServerQueueTelemetry": {
      "value": "true"
    },
    "DistributedTask.EnhancedAnnotations": {
      "value": "true"
    },
    "DistributedTask.ForceGithubJavascriptActionsToNode16": {
      "value": "true"
    },
    "DistributedTask.ForceGithubJavascriptActionsToNode20": {
      "value": "true"
    },
    "DistributedTask.LogTemplateErrorsAsDebugMessages": {
      "value": "true"
    },
    "DistributedTask.MarkJobAsFailedOnWorkerCrash": {
      "value": "true"
    },
    "DistributedTask.NewActionMetadata": {
      "value": "true"
    },
    "DistributedTask.UploadStepSummary": {
      "value": "true"
    },
    "DistributedTask.UseActionArchiveCache": {
      "value": "true"
    },
    "DistributedTask.UseWhich2": {
      "value": "true"
    },
    "RunService.FixEmbeddedIssues": {
      "value": "true"
    },
    "actions_add_check_run_id_to_job_context": {
      "value": "true"
    },
    "actions_container_action_runner_temp": {
      "value": "false"
    },
    "actions_display_helpful_actions_download_errors": {
      "value": "true"
    },
    "actions_skip_retry_complete_job_upon_known_errors": {
      "value": "true"
    },
    "actions_uses_cache_service_v2": {
      "value": "true"
    },
    "github_token": {
      "value": "***",
      "isSecret": true
    },
    "system.from_run_service": {
      "value": "true"
    },
    "system.github.job": {
      "value": "notify"
    },
    "system.github.launch_endpoint": {
      "value": "https://launch.actions.githubusercontent.com"
    },
    "system.github.results_endpoint": {
      "value": "https://results-receiver.actions.githubusercontent.com/"
    },
    "system.github.results_upload_with_sdk": {
      "value": "true"
    },
    "system.github.token": {
      "value": "***",
      "isSecret": true
    },
    "system.github.token.permissions": {
      "value": "{\"Contents\":\"read\",\"Metadata\":\"read\",\"Packages\":\"read\"}"
    },
    "system.orchestrationId": {
      "value": "44fa6abd-d6ba-48e5-b535-b756ab4040db.notify.__default"
    },
    "system.phaseDisplayName": {
      "value": "notify"
    },
    "system.runner.lowdiskspacethreshold": {
      "value": "100"
    },
    "system.runnerEnvironment": {
      "value": "self-hosted"
    },
    "system.runnerGroupName": {
      "value": "Default"
    }
  },
  "messageType": "RunnerJobRequest",
  "plan": {
    "scopeIdentifier": "00000000-0000-0000-0000-000000000000",
    "planType": "actions",
    "version": 0,
    "planId": "44fa6abd-d6ba-48e5-b535-b756ab4040db",
    "planGroup": null,
    "artifactUri": null,
    "artifactLocation": null,
    "definition": null,
    "owner": null
  },
  "timeline": {
    "id": "44fa6abd-d6ba-48e5-b535-b756ab4040db",
    "changeId": 0,
    "location": null
  },
  "jobId": "0e90fd55-33b0-5cb9-9c72-a9dcbab4d9a4",
  "jobDisplayName": "notify",
  "jobName": "__default",
  "requestId": 0,
  "lockedUntil": "0001-01-01T00:00:00",
  "resources": {
    "endpoints": [
      {
        "data": {
          "ServerId": "",
          "ServerName": "",
          "CacheServerUrl": "https://artifactcache.actions.githubusercontent.com/PFKQpWSHbGOyh3Lq4FyHgurdodRQxMojWW3wkYbxLEBpbGP9Oh/",
          "FeedStreamUrl": "wss://results-receiver.actions.githubusercontent.com/_ws/ingest.sock",
          "ResultsServiceUrl": "https://results-receiver.actions.githubusercontent.com/",
          "PipelinesServiceUrl": "https://pipelinesghubeus23.actions.githubusercontent.com/PFKQpWSHbGOyh3Lq4FyHgurdodRQxMojWW3wkYbxLEBpbGP9Oh/",
          "GenerateIdTokenUrl": ""
        },
        "name": "SystemVssConnection",
        "url": "https://run-actions-2-azure-eastus.actions.githubusercontent.com/55/",
        "authorization": {
          "parameters": {
            "AccessToken": "***"
          },
          "scheme": "OAuth"
        },
        "isShared": false,
        "isReady": true
      }
    ]
  },
  "contextData": {
    "github": {
      "t": 2,
      "d": [
        {
          "k": "ref",
          "v": "refs/heads/develop"
        },
        {
          "k": "sha",
          "v": "0f4adfcfb353f479ba23d6871b029f15f6225b23"
        },
        {
          "k": "repository",
          "v": "Blinomess/ProjectSW"
        },
        {
          "k": "repository_owner",
          "v": "Blinomess"
        },
        {
          "k": "repository_owner_id",
          "v": "199006269"
        },
        {
          "k": "repositoryUrl",
          "v": "git://github.com/Blinomess/ProjectSW.git"
        },
        {
          "k": "run_id",
          "v": "18808729758"
        },
        {
          "k": "run_number",
          "v": "23"
        },
        {
          "k": "retention_days",
          "v": "90"
        },
        {
          "k": "run_attempt",
          "v": "1"
        },
        {
          "k": "artifact_cache_size_limit",
          "v": "10"
        },
        {
          "k": "repository_visibility",
          "v": "public"
        },
        {
          "k": "actor_id",
          "v": "199006269"
        },
        {
          "k": "actor",
          "v": "Blinomess"
        },
        {
          "k": "workflow",
          "v": "CI/CD Pipeline"
        },
        {
          "k": "head_ref",
          "v": ""
        },
        {
          "k": "base_ref",
          "v": ""
        },
        {
          "k": "event_name",
          "v": "push"
        },
        {
          "k": "server_url",
          "v": "https://github.com"
        },
        {
          "k": "api_url",
          "v": "https://api.github.com"
        },
        {
          "k": "graphql_url",
          "v": "https://api.github.com/graphql"
        },
        {
          "k": "ref_name",
          "v": "develop"
        },
        {
          "k": "ref_protected",
          "v": false
        },
        {
          "k": "ref_type",
          "v": "branch"
        },
        {
          "k": "secret_source",
          "v": "Actions"
        },
        {
          "k": "event",
          "v": {
            "t": 2,
            "d": [
              {
                "k": "after",
                "v": "0f4adfcfb353f479ba23d6871b029f15f6225b23"
              },
              {
                "k": "base_ref",
                "v": null
              },
              {
                "k": "before",
                "v": "4c287bad269caef38c9f414e75a68885b004c235"
              },
              {
                "k": "commits",
                "v": {
                  "t": 1,
                  "a": [
                    {
                      "t": 2,
                      "d": [
                        {
                          "k": "author",
                          "v": {
                            "t": 2,
                            "d": [
                              {
                                "k": "email",
                                "v": "you@example.com"
                              },
                              {
                                "k": "name",
                                "v": "Your Name"
                              }
                            ]
                          }
                        },
                        {
                          "k": "committer",
                          "v": {
                            "t": 2,
                            "d": [
                              {
                                "k": "email",
                                "v": "you@example.com"
                              },
                              {
                                "k": "name",
                                "v": "Your Name"
                              }
                            ]
                          }
                        },
                        {
                          "k": "distinct",
                          "v": true
                        },
                        {
                          "k": "id",
                          "v": "362804fa03551ff782929e248ef3ffadd6826239"
                        },
                        {
                          "k": "message",
                          "v": "feat: add Windows-compatible .sh scripts and update CI/CD to use bash shell"
                        },
                        {
                          "k": "timestamp",
                          "v": "2025-10-26T00:25:55+03:00"
                        },
                        {
                          "k": "tree_id",
                          "v": "93d711cc4e9e2a86b73dfae8255ecd98442ae7b5"
                        },
                        {
                          "k": "url",
                          "v": "https://github.com/Blinomess/ProjectSW/commit/362804fa03551ff782929e248ef3ffadd6826239"
                        }
                      ]
                    },
                    {
                      "t": 2,
                      "d": [
                        {
                          "k": "author",
                          "v": {
                            "t": 2,
                            "d": [
                              {
                                "k": "email",
                                "v": "you@example.com"
                              },
                              {
                                "k": "name",
                                "v": "Your Name"
                              }
                            ]
                          }
                        },
                        {
                          "k": "committer",
                          "v": {
                            "t": 2,
                            "d": [
                              {
                                "k": "email",
                                "v": "you@example.com"
                              },
                              {
                                "k": "name",
                                "v": "Your Name"
                              }
                            ]
                          }
                        },
                        {
                          "k": "distinct",
                          "v": true
                        },
                        {
                          "k": "id",
                          "v": "0f4adfcfb353f479ba23d6871b029f15f6225b23"
                        },
                        {
                          "k": "message",
                          "v": "feat: add Git Bash optimized scripts for Windows CI/CD"
                        },
                        {
                          "k": "timestamp",
                          "v": "2025-10-26T00:28:13+03:00"
                        },
                        {
                          "k": "tree_id",
                          "v": "98607c8957ab69086b5e190e2c06bc151093ac50"
                        },
                        {
                          "k": "url",
                          "v": "https://github.com/Blinomess/ProjectSW/commit/0f4adfcfb353f479ba23d6871b029f15f6225b23"
                        }
                      ]
                    }
                  ]
                }
              },
              {
                "k": "compare",
                "v": "https://github.com/Blinomess/ProjectSW/compare/4c287bad269c...0f4adfcfb353"
              },
              {
                "k": "created",
                "v": false
              },
              {
                "k": "deleted",
                "v": false
              },
              {
                "k": "forced",
                "v": false
              },
              {
                "k": "head_commit",
                "v": {
                  "t": 2,
                  "d": [
                    {
                      "k": "author",
                      "v": {
                        "t": 2,
                        "d": [
                          {
                            "k": "email",
                            "v": "you@example.com"
                          },
                          {
                            "k": "name",
                            "v": "Your Name"
                          }
                        ]
                      }
                    },
                    {
                      "k": "committer",
                      "v": {
                        "t": 2,
                        "d": [
                          {
                            "k": "email",
                            "v": "you@example.com"
                          },
                          {
                            "k": "name",
                            "v": "Your Name"
                          }
                        ]
                      }
                    },
                    {
                      "k": "distinct",
                      "v": true
                    },
                    {
                      "k": "id",
                      "v": "0f4adfcfb353f479ba23d6871b029f15f6225b23"
                    },
                    {
                      "k": "message",
                      "v": "feat: add Git Bash optimized scripts for Windows CI/CD"
                    },
                    {
                      "k": "timestamp",
                      "v": "2025-10-26T00:28:13+03:00"
                    },
                    {
                      "k": "tree_id",
                      "v": "98607c8957ab69086b5e190e2c06bc151093ac50"
                    },
                    {
                      "k": "url",
                      "v": "https://github.com/Blinomess/ProjectSW/commit/0f4adfcfb353f479ba23d6871b029f15f6225b23"
                    }
                  ]
                }
              },
              {
                "k": "pusher",
                "v": {
                  "t": 2,
                  "d": [
                    {
                      "k": "email",
                      "v": "nikolaybudinov@mail.ru"
                    },
                    {
                      "k": "name",
                      "v": "Blinomess"
                    }
                  ]
                }
              },
              {
                "k": "ref",
                "v": "refs/heads/develop"
              },
              {
                "k": "repository",
                "v": {
                  "t": 2,
                  "d": [
                    {
                      "k": "allow_forking",
                      "v": true
                    },
                    {
                      "k": "archive_url",
                      "v": "https://api.github.com/repos/Blinomess/ProjectSW/{archive_format}{/ref}"
                    },
                    {
                      "k": "archived",
                      "v": false
                    },
                    {
                      "k": "assignees_url",
                      "v": "https://api.github.com/repos/Blinomess/ProjectSW/assignees{/user}"
                    },
                    {
                      "k": "blobs_url",
                      "v": "https://api.github.com/repos/Blinomess/ProjectSW/git/blobs{/sha}"
                    },
                    {
                      "k": "branches_url",
                      "v": "https://api.github.com/repos/Blinomess/ProjectSW/branches{/branch}"
                    },
                    {
                      "k": "clone_url",
                      "v": "https://github.com/Blinomess/ProjectSW.git"
                    },
                    {
                      "k": "collaborators_url",
                      "v": "https://api.github.com/repos/Blinomess/ProjectSW/collaborators{/collaborator}"
                    },
                    {
                      "k": "comments_url",
                      "v": "https://api.github.com/repos/Blinomess/ProjectSW/comments{/number}"
                    },
                    {
                      "k": "commits_url",
                      "v": "https://api.github.com/repos/Blinomess/ProjectSW/commits{/sha}"
                    },
                    {
                      "k": "compare_url",
                      "v": "https://api.github.com/repos/Blinomess/ProjectSW/compare/{base}...{head}"
                    },
                    {
                      "k": "contents_url",
                      "v": "https://api.github.com/repos/Blinomess/ProjectSW/contents/{+path}"
                    },
                    {
                      "k": "contributors_url",
                      "v": "https://api.github.com/repos/Blinomess/ProjectSW/contributors"
                    },
                    {
                      "k": "created_at",
                      "v": 1759864160.0
                    },
                    {
                      "k": "default_branch",
                      "v": "main"
                    },
                    {
                      "k": "deployments_url",
                      "v": "https://api.github.com/repos/Blinomess/ProjectSW/deployments"
                    },
                    {
                      "k": "description",
                      "v": "Курсовая по ниаспо"
                    },
                    {
                      "k": "disabled",
                      "v": false
                    },
                    {
                      "k": "downloads_url",
                      "v": "https://api.github.com/repos/Blinomess/ProjectSW/downloads"
                    },
                    {
                      "k": "events_url",
                      "v": "https://api.github.com/repos/Blinomess/ProjectSW/events"
                    },
                    {
                      "k": "fork",
                      "v": false
                    },
                    {
                      "k": "forks",
                      "v": 0.0
                    },
                    {
                      "k": "forks_count",
                      "v": 0.0
                    },
                    {
                      "k": "forks_url",
                      "v": "https://api.github.com/repos/Blinomess/ProjectSW/forks"
                    },
                    {
                      "k": "full_name",
                      "v": "Blinomess/ProjectSW"
                    },
                    {
                      "k": "git_commits_url",
                      "v": "https://api.github.com/repos/Blinomess/ProjectSW/git/commits{/sha}"
                    },
                    {
                      "k": "git_refs_url",
                      "v": "https://api.github.com/repos/Blinomess/ProjectSW/git/refs{/sha}"
                    },
                    {
                      "k": "git_tags_url",
                      "v": "https://api.github.com/repos/Blinomess/ProjectSW/git/tags{/sha}"
                    },
                    {
                      "k": "git_url",
                      "v": "git://github.com/Blinomess/ProjectSW.git"
                    },
                    {
                      "k": "has_discussions",
                      "v": false
                    },
                    {
                      "k": "has_downloads",
                      "v": true
                    },
                    {
                      "k": "has_issues",
                      "v": true
                    },
                    {
                      "k": "has_pages",
                      "v": false
                    },
                    {
                      "k": "has_projects",
                      "v": true
                    },
                    {
                      "k": "has_wiki",
                      "v": true
                    },
                    {
                      "k": "homepage",
                      "v": null
                    },
                    {
                      "k": "hooks_url",
                      "v": "https://api.github.com/repos/Blinomess/ProjectSW/hooks"
                    },
                    {
                      "k": "html_url",
                      "v": "https://github.com/Blinomess/ProjectSW"
                    },
                    {
                      "k": "id",
                      "v": 1071754425.0
                    },
                    {
                      "k": "is_template",
                      "v": false
                    },
                    {
                      "k": "issue_comment_url",
                      "v": "https://api.github.com/repos/Blinomess/ProjectSW/issues/comments{/number}"
                    },
                    {
                      "k": "issue_events_url",
                      "v": "https://api.github.com/repos/Blinomess/ProjectSW/issues/events{/number}"
                    },
                    {
                      "k": "issues_url",
                      "v": "https://api.github.com/repos/Blinomess/ProjectSW/issues{/number}"
                    },
                    {
                      "k": "keys_url",
                      "v": "https://api.github.com/repos/Blinomess/ProjectSW/keys{/key_id}"
                    },
                    {
                      "k": "labels_url",
                      "v": "https://api.github.com/repos/Blinomess/ProjectSW/labels{/name}"
                    },
                    {
                      "k": "language",
                      "v": "JavaScript"
                    },
                    {
                      "k": "languages_url",
                      "v": "https://api.github.com/repos/Blinomess/ProjectSW/languages"
                    },
                    {
                      "k": "license",
                      "v": null
                    },
                    {
                      "k": "master_branch",
                      "v": "main"
                    },
                    {
                      "k": "merges_url",
                      "v": "https://api.github.com/repos/Blinomess/ProjectSW/merges"
                    },
                    {
                      "k": "milestones_url",
                      "v": "https://api.github.com/repos/Blinomess/ProjectSW/milestones{/number}"
                    },
                    {
                      "k": "mirror_url",
                      "v": null
                    },
                    {
                      "k": "name",
                      "v": "ProjectSW"
                    },
                    {
                      "k": "node_id",
                      "v": "R_kgDOP-GsuQ"
                    },
                    {
                      "k": "notifications_url",
                      "v": "https://api.github.com/repos/Blinomess/ProjectSW/notifications{?since,all,participating}"
                    },
                    {
                      "k": "open_issues",
                      "v": 0.0
                    },
                    {
                      "k": "open_issues_count",
                      "v": 0.0
                    },
                    {
                      "k": "owner",
                      "v": {
                        "t": 2,
                        "d": [
                          {
                            "k": "avatar_url",
                            "v": "https://avatars.githubusercontent.com/u/199006269?v=4"
                          },
                          {
                            "k": "email",
                            "v": "nikolaybudinov@mail.ru"
                          },
                          {
                            "k": "events_url",
                            "v": "https://api.github.com/users/Blinomess/events{/privacy}"
                          },
                          {
                            "k": "followers_url",
                            "v": "https://api.github.com/users/Blinomess/followers"
                          },
                          {
                            "k": "following_url",
                            "v": "https://api.github.com/users/Blinomess/following{/other_user}"
                          },
                          {
                            "k": "gists_url",
                            "v": "https://api.github.com/users/Blinomess/gists{/gist_id}"
                          },
                          {
                            "k": "gravatar_id",
                            "v": ""
                          },
                          {
                            "k": "html_url",
                            "v": "https://github.com/Blinomess"
                          },
                          {
                            "k": "id",
                            "v": 199006269.0
                          },
                          {
                            "k": "login",
                            "v": "Blinomess"
                          },
                          {
                            "k": "name",
                            "v": "Blinomess"
                          },
                          {
                            "k": "node_id",
                            "v": "U_kgDOC9yYPQ"
                          },
                          {
                            "k": "organizations_url",
                            "v": "https://api.github.com/users/Blinomess/orgs"
                          },
                          {
                            "k": "received_events_url",
                            "v": "https://api.github.com/users/Blinomess/received_events"
                          },
                          {
                            "k": "repos_url",
                            "v": "https://api.github.com/users/Blinomess/repos"
                          },
                          {
                            "k": "site_admin",
                            "v": false
                          },
                          {
                            "k": "starred_url",
                            "v": "https://api.github.com/users/Blinomess/starred{/owner}{/repo}"
                          },
                          {
                            "k": "subscriptions_url",
                            "v": "https://api.github.com/users/Blinomess/subscriptions"
                          },
                          {
                            "k": "type",
                            "v": "User"
                          },
                          {
                            "k": "url",
                            "v": "https://api.github.com/users/Blinomess"
                          },
                          {
                            "k": "user_view_type",
                            "v": "public"
                          }
                        ]
                      }
                    },
                    {
                      "k": "private",
                      "v": false
                    },
                    {
                      "k": "pulls_url",
                      "v": "https://api.github.com/repos/Blinomess/ProjectSW/pulls{/number}"
                    },
                    {
                      "k": "pushed_at",
                      "v": 1761427730.0
                    },
                    {
                      "k": "releases_url",
                      "v": "https://api.github.com/repos/Blinomess/ProjectSW/releases{/id}"
                    },
                    {
                      "k": "size",
                      "v": 103.0
                    },
                    {
                      "k": "ssh_url",
                      "v": "git@github.com:Blinomess/ProjectSW.git"
                    },
                    {
                      "k": "stargazers",
                      "v": 0.0
                    },
                    {
                      "k": "stargazers_count",
                      "v": 0.0
                    },
                    {
                      "k": "stargazers_url",
                      "v": "https://api.github.com/repos/Blinomess/ProjectSW/stargazers"
                    },
                    {
                      "k": "statuses_url",
                      "v": "https://api.github.com/repos/Blinomess/ProjectSW/statuses/{sha}"
                    },
                    {
                      "k": "subscribers_url",
                      "v": "https://api.github.com/repos/Blinomess/ProjectSW/subscribers"
                    },
                    {
                      "k": "subscription_url",
                      "v": "https://api.github.com/repos/Blinomess/ProjectSW/subscription"
                    },
                    {
                      "k": "svn_url",
                      "v": "https://github.com/Blinomess/ProjectSW"
                    },
                    {
                      "k": "tags_url",
                      "v": "https://api.github.com/repos/Blinomess/ProjectSW/tags"
                    },
                    {
                      "k": "teams_url",
                      "v": "https://api.github.com/repos/Blinomess/ProjectSW/teams"
                    },
                    {
                      "k": "topics",
                      "v": {
                        "t": 1
                      }
                    },
                    {
                      "k": "trees_url",
                      "v": "https://api.github.com/repos/Blinomess/ProjectSW/git/trees{/sha}"
                    },
                    {
                      "k": "updated_at",
                      "v": "2025-10-19T17:36:08Z"
                    },
                    {
                      "k": "url",
                      "v": "https://api.github.com/repos/Blinomess/ProjectSW"
                    },
                    {
                      "k": "visibility",
                      "v": "public"
                    },
                    {
                      "k": "watchers",
                      "v": 0.0
                    },
                    {
                      "k": "watchers_count",
                      "v": 0.0
                    },
                    {
                      "k": "web_commit_signoff_required",
                      "v": false
                    }
                  ]
                }
              },
              {
                "k": "sender",
                "v": {
                  "t": 2,
                  "d": [
                    {
                      "k": "avatar_url",
                      "v": "https://avatars.githubusercontent.com/u/199006269?v=4"
                    },
                    {
                      "k": "events_url",
                      "v": "https://api.github.com/users/Blinomess/events{/privacy}"
                    },
                    {
                      "k": "followers_url",
                      "v": "https://api.github.com/users/Blinomess/followers"
                    },
                    {
                      "k": "following_url",
                      "v": "https://api.github.com/users/Blinomess/following{/other_user}"
                    },
                    {
                      "k": "gists_url",
                      "v": "https://api.github.com/users/Blinomess/gists{/gist_id}"
                    },
                    {
                      "k": "gravatar_id",
                      "v": ""
                    },
                    {
                      "k": "html_url",
                      "v": "https://github.com/Blinomess"
                    },
                    {
                      "k": "id",
                      "v": 199006269.0
                    },
                    {
                      "k": "login",
                      "v": "Blinomess"
                    },
                    {
                      "k": "node_id",
                      "v": "U_kgDOC9yYPQ"
                    },
                    {
                      "k": "organizations_url",
                      "v": "https://api.github.com/users/Blinomess/orgs"
                    },
                    {
                      "k": "received_events_url",
                      "v": "https://api.github.com/users/Blinomess/received_events"
                    },
                    {
                      "k": "repos_url",
                      "v": "https://api.github.com/users/Blinomess/repos"
                    },
                    {
                      "k": "site_admin",
                      "v": false
                    },
                    {
                      "k": "starred_url",
                      "v": "https://api.github.com/users/Blinomess/starred{/owner}{/repo}"
                    },
                    {
                      "k": "subscriptions_url",
                      "v": "https://api.github.com/users/Blinomess/subscriptions"
                    },
                    {
                      "k": "type",
                      "v": "User"
                    },
                    {
                      "k": "url",
                      "v": "https://api.github.com/users/Blinomess"
                    },
                    {
                      "k": "user_view_type",
                      "v": "public"
                    }
                  ]
                }
              }
            ]
          }
        },
        {
          "k": "workflow_ref",
          "v": "Blinomess/ProjectSW/.github/workflows/ci-cd.yml@refs/heads/develop"
        },
        {
          "k": "workflow_sha",
          "v": "0f4adfcfb353f479ba23d6871b029f15f6225b23"
        },
        {
          "k": "repository_id",
          "v": "1071754425"
        },
        {
          "k": "triggering_actor",
          "v": "Blinomess"
        }
      ]
    },
    "inputs": {
      "t": 2
    },
    "job": {
      "t": 2,
      "d": [
        {
          "k": "check_run_id",
          "v": 53666861955.0
        }
      ]
    },
    "matrix": null,
    "needs": {
      "t": 2,
      "d": [
        {
          "k": "deploy-staging",
          "v": {
            "t": 2,
            "d": [
              {
                "k": "result",
                "v": "skipped"
              },
              {
                "k": "outputs",
                "v": {
                  "t": 2
                }
              }
            ]
          }
        },
        {
          "k": "deploy-production",
          "v": {
            "t": 2,
            "d": [
              {
                "k": "result",
                "v": "skipped"
              },
              {
                "k": "outputs",
                "v": {
                  "t": 2
                }
              }
            ]
          }
        }
      ]
    },
    "strategy": {
      "t": 2,
      "d": [
        {
          "k": "fail-fast",
          "v": true
        },
        {
          "k": "job-index",
          "v": 0.0
        },
        {
          "k": "job-total",
          "v": 1.0
        },
        {
          "k": "max-parallel",
          "v": 1.0
        }
      ]
    },
    "vars": {
      "t": 2
    }
  },
  "billingOwnerId": "U_kgDOC9yYPQ"
}
[2025-10-25 21:34:03Z INFO JobRunner] Job ID 0e90fd55-33b0-5cb9-9c72-a9dcbab4d9a4
[2025-10-25 21:34:03Z INFO ConfigurationStore] currentAssemblyLocation: C:\Users\user\ProjectSW\actions-runner\bin\Runner.Worker.dll
[2025-10-25 21:34:03Z INFO HostContext] Well known directory 'Bin': 'C:\Users\user\ProjectSW\actions-runner\bin'
[2025-10-25 21:34:03Z INFO ConfigurationStore] binPath: C:\Users\user\ProjectSW\actions-runner\bin
[2025-10-25 21:34:03Z INFO HostContext] Well known directory 'Bin': 'C:\Users\user\ProjectSW\actions-runner\bin'
[2025-10-25 21:34:03Z INFO HostContext] Well known directory 'Root': 'C:\Users\user\ProjectSW\actions-runner'
[2025-10-25 21:34:03Z INFO ConfigurationStore] RootFolder: C:\Users\user\ProjectSW\actions-runner
[2025-10-25 21:34:03Z INFO HostContext] Well known directory 'Bin': 'C:\Users\user\ProjectSW\actions-runner\bin'
[2025-10-25 21:34:03Z INFO HostContext] Well known directory 'Root': 'C:\Users\user\ProjectSW\actions-runner'
[2025-10-25 21:34:03Z INFO HostContext] Well known config file 'Runner': 'C:\Users\user\ProjectSW\actions-runner\.runner'
[2025-10-25 21:34:03Z INFO ConfigurationStore] ConfigFilePath: C:\Users\user\ProjectSW\actions-runner\.runner
[2025-10-25 21:34:03Z INFO HostContext] Well known directory 'Bin': 'C:\Users\user\ProjectSW\actions-runner\bin'
[2025-10-25 21:34:03Z INFO HostContext] Well known directory 'Root': 'C:\Users\user\ProjectSW\actions-runner'
[2025-10-25 21:34:03Z INFO HostContext] Well known config file 'MigratedRunner': 'C:\Users\user\ProjectSW\actions-runner\.runner_migrated'
[2025-10-25 21:34:03Z INFO ConfigurationStore] MigratedConfigFilePath: C:\Users\user\ProjectSW\actions-runner\.runner_migrated
[2025-10-25 21:34:03Z INFO HostContext] Well known directory 'Bin': 'C:\Users\user\ProjectSW\actions-runner\bin'
[2025-10-25 21:34:03Z INFO HostContext] Well known directory 'Root': 'C:\Users\user\ProjectSW\actions-runner'
[2025-10-25 21:34:03Z INFO HostContext] Well known config file 'Credentials': 'C:\Users\user\ProjectSW\actions-runner\.credentials'
[2025-10-25 21:34:03Z INFO ConfigurationStore] CredFilePath: C:\Users\user\ProjectSW\actions-runner\.credentials
[2025-10-25 21:34:03Z INFO HostContext] Well known directory 'Bin': 'C:\Users\user\ProjectSW\actions-runner\bin'
[2025-10-25 21:34:03Z INFO HostContext] Well known directory 'Root': 'C:\Users\user\ProjectSW\actions-runner'
[2025-10-25 21:34:03Z INFO HostContext] Well known config file 'MigratedCredentials': 'C:\Users\user\ProjectSW\actions-runner\.credentials_migrated'
[2025-10-25 21:34:03Z INFO ConfigurationStore] MigratedCredFilePath: C:\Users\user\ProjectSW\actions-runner\.credentials_migrated
[2025-10-25 21:34:03Z INFO HostContext] Well known directory 'Bin': 'C:\Users\user\ProjectSW\actions-runner\bin'
[2025-10-25 21:34:03Z INFO HostContext] Well known directory 'Root': 'C:\Users\user\ProjectSW\actions-runner'
[2025-10-25 21:34:03Z INFO HostContext] Well known config file 'Service': 'C:\Users\user\ProjectSW\actions-runner\.service'
[2025-10-25 21:34:03Z INFO ConfigurationStore] ServiceConfigFilePath: C:\Users\user\ProjectSW\actions-runner\.service
[2025-10-25 21:34:03Z INFO ConfigurationStore] Read setting file: 395 chars
[2025-10-25 21:34:03Z INFO JobRunner] Initializing launch client
[2025-10-25 21:34:03Z INFO JobServerQueue] Initializing results client
[2025-10-25 21:34:03Z INFO ResultServer] Creating websocket client ...wss://results-receiver.actions.githubusercontent.com/_ws/ingest.sock
[2025-10-25 21:34:03Z INFO ResultServer] Attempting to start websocket client with delay 00:00:00.
[2025-10-25 21:34:03Z INFO JobServerQueue] Start process web console line queue.
[2025-10-25 21:34:03Z INFO JobServerQueue] Start process file upload queue.
[2025-10-25 21:34:03Z INFO JobServerQueue] Start results file upload queue.
[2025-10-25 21:34:03Z INFO JobServerQueue] Starting results-based upload queue...
[2025-10-25 21:34:03Z INFO JobServerQueue] Start process timeline update queue.
[2025-10-25 21:34:03Z INFO ExecutionContext] Initializing Job context
[2025-10-25 21:34:03Z INFO ExecutionContext] Initialize GitHub context
[2025-10-25 21:34:03Z INFO ExecutionContext] Initialize Env context
[2025-10-25 21:34:03Z INFO HostContext] Well known directory 'Bin': 'C:\Users\user\ProjectSW\actions-runner\bin'
[2025-10-25 21:34:03Z INFO HostContext] Well known directory 'Root': 'C:\Users\user\ProjectSW\actions-runner'
[2025-10-25 21:34:03Z INFO HostContext] Well known directory 'Diag': 'C:\Users\user\ProjectSW\actions-runner\_diag'
[2025-10-25 21:34:03Z INFO HostContext] Well known directory 'Bin': 'C:\Users\user\ProjectSW\actions-runner\bin'
[2025-10-25 21:34:03Z INFO HostContext] Well known directory 'Root': 'C:\Users\user\ProjectSW\actions-runner'
[2025-10-25 21:34:03Z INFO HostContext] Well known directory 'Diag': 'C:\Users\user\ProjectSW\actions-runner\_diag'
[2025-10-25 21:34:03Z INFO JobRunner] Starting the job execution context.
[2025-10-25 21:34:03Z INFO HostContext] Well known directory 'Bin': 'C:\Users\user\ProjectSW\actions-runner\bin'
[2025-10-25 21:34:03Z INFO HostContext] Well known directory 'Root': 'C:\Users\user\ProjectSW\actions-runner'
[2025-10-25 21:34:03Z INFO HostContext] Well known directory 'Work': 'C:\Users\user\ProjectSW\actions-runner\_work'
[2025-10-25 21:34:03Z INFO JobRunner] Validating directory permissions for: 'C:\Users\user\ProjectSW\actions-runner\_work'
[2025-10-25 21:34:03Z INFO HostContext] Well known directory 'Bin': 'C:\Users\user\ProjectSW\actions-runner\bin'
[2025-10-25 21:34:03Z INFO HostContext] Well known directory 'Root': 'C:\Users\user\ProjectSW\actions-runner'
[2025-10-25 21:34:03Z INFO HostContext] Well known directory 'Work': 'C:\Users\user\ProjectSW\actions-runner\_work'
[2025-10-25 21:34:03Z INFO HostContext] Well known directory 'Tools': 'C:\Users\user\ProjectSW\actions-runner\_work\_tool'
[2025-10-25 21:34:03Z INFO HostContext] Well known directory 'Bin': 'C:\Users\user\ProjectSW\actions-runner\bin'
[2025-10-25 21:34:03Z INFO HostContext] Well known directory 'Root': 'C:\Users\user\ProjectSW\actions-runner'
[2025-10-25 21:34:03Z INFO HostContext] Well known directory 'Work': 'C:\Users\user\ProjectSW\actions-runner\_work'
[2025-10-25 21:34:03Z INFO HostContext] Well known directory 'Temp': 'C:\Users\user\ProjectSW\actions-runner\_work\_temp'
[2025-10-25 21:34:03Z INFO JobRunner] Getting job extension.
[2025-10-25 21:34:03Z INFO JobRunner] Initialize job. Getting all job steps.
[2025-10-25 21:34:03Z INFO HostContext] Well known directory 'Bin': 'C:\Users\user\ProjectSW\actions-runner\bin'
[2025-10-25 21:34:03Z INFO HostContext] Well known directory 'Root': 'C:\Users\user\ProjectSW\actions-runner'
[2025-10-25 21:34:03Z INFO HostContext] Well known directory 'Diag': 'C:\Users\user\ProjectSW\actions-runner\_diag'
[2025-10-25 21:34:03Z INFO HostContext] Well known directory 'Bin': 'C:\Users\user\ProjectSW\actions-runner\bin'
[2025-10-25 21:34:03Z INFO HostContext] Well known directory 'Root': 'C:\Users\user\ProjectSW\actions-runner'
[2025-10-25 21:34:03Z INFO HostContext] Well known directory 'Diag': 'C:\Users\user\ProjectSW\actions-runner\_diag'
[2025-10-25 21:34:03Z INFO HostContext] Well known directory 'Bin': 'C:\Users\user\ProjectSW\actions-runner\bin'
[2025-10-25 21:34:03Z INFO HostContext] Well known directory 'Root': 'C:\Users\user\ProjectSW\actions-runner'
[2025-10-25 21:34:03Z INFO HostContext] Well known config file 'Credentials': 'C:\Users\user\ProjectSW\actions-runner\.credentials'
[2025-10-25 21:34:03Z INFO HostContext] Well known directory 'Bin': 'C:\Users\user\ProjectSW\actions-runner\bin'
[2025-10-25 21:34:03Z INFO HostContext] Well known directory 'Root': 'C:\Users\user\ProjectSW\actions-runner'
[2025-10-25 21:34:03Z INFO HostContext] Well known config file 'SetupInfo': 'C:\Users\user\ProjectSW\actions-runner\.setup_info'
[2025-10-25 21:34:03Z INFO HostContext] Well known directory 'Bin': 'C:\Users\user\ProjectSW\actions-runner\bin'
[2025-10-25 21:34:03Z INFO HostContext] Well known directory 'Root': 'C:\Users\user\ProjectSW\actions-runner'
[2025-10-25 21:34:03Z INFO HostContext] Well known directory 'Work': 'C:\Users\user\ProjectSW\actions-runner\_work'
[2025-10-25 21:34:03Z INFO PipelineDirectoryManager] Loading tracking config if exists: C:\Users\user\ProjectSW\actions-runner\_work\_PipelineMapping\Blinomess/ProjectSW\PipelineFolder.json
[2025-10-25 21:34:03Z INFO PipelineDirectoryManager] Updating job run properties.
[2025-10-25 21:34:03Z INFO HostContext] Well known directory 'Bin': 'C:\Users\user\ProjectSW\actions-runner\bin'
[2025-10-25 21:34:03Z INFO HostContext] Well known directory 'Root': 'C:\Users\user\ProjectSW\actions-runner'
[2025-10-25 21:34:03Z INFO HostContext] Well known directory 'Work': 'C:\Users\user\ProjectSW\actions-runner\_work'
[2025-10-25 21:34:03Z INFO HostContext] Well known directory 'Bin': 'C:\Users\user\ProjectSW\actions-runner\bin'
[2025-10-25 21:34:03Z INFO HostContext] Well known directory 'Root': 'C:\Users\user\ProjectSW\actions-runner'
[2025-10-25 21:34:03Z INFO HostContext] Well known directory 'Work': 'C:\Users\user\ProjectSW\actions-runner\_work'
[2025-10-25 21:34:03Z INFO HostContext] Well known directory 'Bin': 'C:\Users\user\ProjectSW\actions-runner\bin'
[2025-10-25 21:34:03Z INFO HostContext] Well known directory 'Root': 'C:\Users\user\ProjectSW\actions-runner'
[2025-10-25 21:34:03Z INFO HostContext] Well known directory 'Work': 'C:\Users\user\ProjectSW\actions-runner\_work'
[2025-10-25 21:34:03Z INFO JobExtension] Downloading actions
[2025-10-25 21:34:03Z INFO HostContext] Well known directory 'Bin': 'C:\Users\user\ProjectSW\actions-runner\bin'
[2025-10-25 21:34:03Z INFO HostContext] Well known directory 'Root': 'C:\Users\user\ProjectSW\actions-runner'
[2025-10-25 21:34:03Z INFO HostContext] Well known directory 'Work': 'C:\Users\user\ProjectSW\actions-runner\_work'
[2025-10-25 21:34:03Z INFO HostContext] Well known directory 'Actions': 'C:\Users\user\ProjectSW\actions-runner\_work\_actions'
[2025-10-25 21:34:03Z INFO JobExtension] Adding .
[2025-10-25 21:34:03Z INFO JobExtension] Adding .
[2025-10-25 21:34:03Z INFO HostContext] Well known directory 'Bin': 'C:\Users\user\ProjectSW\actions-runner\bin'
[2025-10-25 21:34:03Z INFO HostContext] Well known directory 'Root': 'C:\Users\user\ProjectSW\actions-runner'
[2025-10-25 21:34:03Z INFO HostContext] Well known directory 'Diag': 'C:\Users\user\ProjectSW\actions-runner\_diag'
[2025-10-25 21:34:03Z INFO HostContext] Well known directory 'Bin': 'C:\Users\user\ProjectSW\actions-runner\bin'
[2025-10-25 21:34:03Z INFO HostContext] Well known directory 'Root': 'C:\Users\user\ProjectSW\actions-runner'
[2025-10-25 21:34:03Z INFO HostContext] Well known directory 'Diag': 'C:\Users\user\ProjectSW\actions-runner\_diag'
[2025-10-25 21:34:03Z INFO HostContext] Well known directory 'Bin': 'C:\Users\user\ProjectSW\actions-runner\bin'
[2025-10-25 21:34:03Z INFO HostContext] Well known directory 'Root': 'C:\Users\user\ProjectSW\actions-runner'
[2025-10-25 21:34:03Z INFO HostContext] Well known directory 'Diag': 'C:\Users\user\ProjectSW\actions-runner\_diag'
[2025-10-25 21:34:03Z INFO HostContext] Well known directory 'Bin': 'C:\Users\user\ProjectSW\actions-runner\bin'
[2025-10-25 21:34:03Z INFO HostContext] Well known directory 'Root': 'C:\Users\user\ProjectSW\actions-runner'
[2025-10-25 21:34:03Z INFO HostContext] Well known directory 'Diag': 'C:\Users\user\ProjectSW\actions-runner\_diag'
[2025-10-25 21:34:03Z INFO JobExtension] Total accessible running process: 313.
[2025-10-25 21:34:03Z INFO HostContext] Well known directory 'Bin': 'C:\Users\user\ProjectSW\actions-runner\bin'
[2025-10-25 21:34:03Z INFO HostContext] Well known directory 'Root': 'C:\Users\user\ProjectSW\actions-runner'
[2025-10-25 21:34:03Z INFO HostContext] Well known directory 'Work': 'C:\Users\user\ProjectSW\actions-runner\_work'
[2025-10-25 21:34:03Z INFO JobExtension] Start checking service connectivity in background.
[2025-10-25 21:34:03Z INFO ExecutionContext] Publish step telemetry for current step {
  "action": "setup_job",
  "type": "runner",
  "stage": "Pre",
  "stepId": "51e01350-ed22-43dd-9fa6-d6d07dca20e7",
  "result": "succeeded",
  "errorMessages": [],
  "executionTimeInSeconds": 1,
  "startTime": "2025-10-25T21:34:03.4997006Z",
  "finishTime": "2025-10-25T21:34:03.7007276Z"
}.
[2025-10-25 21:34:03Z INFO JobRunner] Total job steps: 2.
[2025-10-25 21:34:03Z INFO JobRunner] Run all job steps.
[2025-10-25 21:34:03Z INFO StepsRunner] Processing step: DisplayName='Notify on success'
[2025-10-25 21:34:03Z INFO StepsRunner] Evaluating: (success() && ((needs.deploy-staging.result == 'success') || (needs.deploy-production.result == 'success')))
[2025-10-25 21:34:03Z INFO StepsRunner] Expanded: (true && (('skipped' == 'success') || ('skipped' == 'success')))
[2025-10-25 21:34:03Z INFO StepsRunner] Result: false
[2025-10-25 21:34:03Z INFO StepsRunner] Skipping step due to condition evaluation.
[2025-10-25 21:34:03Z INFO StepsRunner] No need for updating job result with current step result 'Skipped'.
[2025-10-25 21:34:03Z INFO StepsRunner] Current state: job state = ''
[2025-10-25 21:34:03Z INFO StepsRunner] Processing step: DisplayName='Notify on failure'
[2025-10-25 21:34:03Z INFO StepsRunner] Evaluating: (success() && ((needs.deploy-staging.result == 'failure') || (needs.deploy-production.result == 'failure')))
[2025-10-25 21:34:03Z INFO StepsRunner] Expanded: (true && (('skipped' == 'failure') || ('skipped' == 'failure')))
[2025-10-25 21:34:03Z INFO StepsRunner] Result: false
[2025-10-25 21:34:03Z INFO StepsRunner] Skipping step due to condition evaluation.
[2025-10-25 21:34:03Z INFO StepsRunner] No need for updating job result with current step result 'Skipped'.
[2025-10-25 21:34:03Z INFO StepsRunner] Current state: job state = ''
[2025-10-25 21:34:03Z INFO JobRunner] Finalize job.
[2025-10-25 21:34:03Z INFO HostContext] Well known directory 'Bin': 'C:\Users\user\ProjectSW\actions-runner\bin'
[2025-10-25 21:34:03Z INFO HostContext] Well known directory 'Root': 'C:\Users\user\ProjectSW\actions-runner'
[2025-10-25 21:34:03Z INFO HostContext] Well known directory 'Diag': 'C:\Users\user\ProjectSW\actions-runner\_diag'
[2025-10-25 21:34:03Z INFO HostContext] Well known directory 'Bin': 'C:\Users\user\ProjectSW\actions-runner\bin'
[2025-10-25 21:34:03Z INFO HostContext] Well known directory 'Root': 'C:\Users\user\ProjectSW\actions-runner'
[2025-10-25 21:34:03Z INFO HostContext] Well known directory 'Diag': 'C:\Users\user\ProjectSW\actions-runner\_diag'
[2025-10-25 21:34:03Z INFO JobExtension] Initialize Env context
[2025-10-25 21:34:03Z INFO JobExtension] Initialize steps context
[2025-10-25 21:34:03Z INFO JobExtension] Total accessible running process: 313.
[2025-10-25 21:34:03Z INFO ExecutionContext] Publish step telemetry for current step {
  "action": "complete_job",
  "type": "runner",
  "stage": "Post",
  "stepId": "9ad2d586-3178-4abd-accf-2fcc0541f63e",
  "result": "succeeded",
  "errorMessages": [],
  "executionTimeInSeconds": 1,
  "startTime": "2025-10-25T21:34:03.7176531Z",
  "finishTime": "2025-10-25T21:34:03.7266161Z"
}.
[2025-10-25 21:34:03Z INFO JobRunner] Job result after all job steps finish: Succeeded
[2025-10-25 21:34:03Z INFO JobRunner] Completing the job execution context.
[2025-10-25 21:34:03Z INFO JobRunner] Shutting down the job server queue.
[2025-10-25 21:34:03Z INFO JobServerQueue] Fire signal to shutdown all queues.
[2025-10-25 21:34:03Z INFO Worker] Listening for cancel message from the channel.
[2025-10-25 21:34:03Z INFO Worker] Waiting for the job to complete or for a cancel message from the channel.
[2025-10-25 21:34:03Z INFO ResultServer] Successfully started websocket client.
[2025-10-25 21:34:03Z INFO JobServerQueue] Try to append 1 batches web console lines for record '51e01350-ed22-43dd-9fa6-d6d07dca20e7', success rate: 1/1.
[2025-10-25 21:34:03Z INFO JobServerQueue] Try to append 1 batches web console lines for record '9ad2d586-3178-4abd-accf-2fcc0541f63e', success rate: 1/1.
[2025-10-25 21:34:04Z INFO JobServerQueue] All queue process task stopped.
[2025-10-25 21:34:04Z INFO JobServerQueue] Web console line queue drained.
[2025-10-25 21:34:04Z INFO JobServerQueue] Uploading 3 files in one shot.
[2025-10-25 21:34:04Z INFO JobServerQueue] Try to upload 3 log files or attachments, success rate: 3/3.
[2025-10-25 21:34:04Z INFO JobServerQueue] File upload queue drained.
[2025-10-25 21:34:04Z INFO JobServerQueue] Starting results-based upload queue...
[2025-10-25 21:34:04Z INFO JobServerQueue] Uploading 3 file(s) in one shot through results service.
[2025-10-25 21:34:04Z INFO JobServerQueue] Got a step log file to send to results service.
[2025-10-25 21:34:04Z INFO JobServerQueue] Starting upload of step log file to results service ResultsLog, C:\Users\user\ProjectSW\actions-runner\_diag\blocks\44fa6abd-d6ba-48e5-b535-b756ab4040db_51e01350-ed22-43dd-9fa6-d6d07dca20e7.1
[2025-10-25 21:34:05Z INFO JobServerQueue] Got a step log file to send to results service.
[2025-10-25 21:34:05Z INFO JobServerQueue] Starting upload of step log file to results service ResultsLog, C:\Users\user\ProjectSW\actions-runner\_diag\blocks\44fa6abd-d6ba-48e5-b535-b756ab4040db_9ad2d586-3178-4abd-accf-2fcc0541f63e.1
[2025-10-25 21:34:06Z INFO JobServerQueue] Got a job log file to send to results service.
[2025-10-25 21:34:06Z INFO JobServerQueue] Starting upload of job log file to results service ResultsLog, C:\Users\user\ProjectSW\actions-runner\_diag\blocks\44fa6abd-d6ba-48e5-b535-b756ab4040db_0e90fd55-33b0-5cb9-9c72-a9dcbab4d9a4.1
[2025-10-25 21:34:06Z INFO JobServerQueue] Tried to upload 3 file(s) to results, success rate: 3/3.
[2025-10-25 21:34:06Z INFO JobServerQueue] Results upload queue drained.
[2025-10-25 21:34:06Z INFO JobServerQueue] Job timeline record has been updated for the first time.
[2025-10-25 21:34:06Z INFO JobServerQueue] Timeline update queue drained.
[2025-10-25 21:34:06Z INFO JobServerQueue] Disposing job server ...
[2025-10-25 21:34:06Z INFO JobServerQueue] Disposing results server ...
[2025-10-25 21:34:06Z INFO JobServerQueue] All queue process tasks have been stopped, and all queues are drained.
[2025-10-25 21:34:06Z INFO TempDirectoryManager] Cleaning runner temp folder: C:\Users\user\ProjectSW\actions-runner\_work\_temp
[2025-10-25 21:34:06Z INFO HostContext] Well known directory 'Bin': 'C:\Users\user\ProjectSW\actions-runner\bin'
[2025-10-25 21:34:06Z INFO HostContext] Well known directory 'Root': 'C:\Users\user\ProjectSW\actions-runner'
[2025-10-25 21:34:06Z INFO HostContext] Well known directory 'Diag': 'C:\Users\user\ProjectSW\actions-runner\_diag'
[2025-10-25 21:34:06Z INFO HostContext] Well known config file 'Telemetry': 'C:\Users\user\ProjectSW\actions-runner\_diag\.telemetry'
[2025-10-25 21:34:06Z INFO JobRunner] Raising job completed against run service
[2025-10-25 21:34:07Z INFO Worker] Job completed.
